[2025-06-10 12:32:41.096]  INFO ${sys:PID} --- [           main] k.c.g.SpringProjectApplication           : 스프링 프로젝트가 시작중입니다.
[2025-06-10 12:32:41.198]  INFO ${sys:PID} --- [  restartedMain] k.c.g.SpringProjectApplication           : 스프링 프로젝트가 시작중입니다.
[2025-06-10 12:32:41.426]  INFO 15972 --- [kground-preinit] o.h.v.i.u.Version                        : HV000001: Hibernate Validator 8.0.2.Final
[2025-06-10 12:32:41.466]  INFO 15972 --- [  restartedMain] k.c.g.SpringProjectApplication           : Starting SpringProjectApplication using Java 17.0.12 with PID 15972 (C:\dev\git-workspace\springProject\bin\main started by GR in C:\dev\git-workspace\springProject)
[2025-06-10 12:32:41.469]  INFO 15972 --- [  restartedMain] k.c.g.SpringProjectApplication           : No active profile set, falling back to 1 default profile: "default"
[2025-06-10 12:32:41.507]  INFO 15972 --- [  restartedMain] o.s.b.d.r.ChangeableUrls                 : The Class-Path manifest attribute in C:\Users\GR\.gradle\caches\modules-2\files-2.1\com.oracle.database.jdbc\ojdbc11\23.7.0.25.01\665f52abef9122ce003b5cfc1d9d44f7302e2cfe\ojdbc11-23.7.0.25.01.jar referenced one or more files that do not exist: file:/C:/Users/GR/.gradle/caches/modules-2/files-2.1/com.oracle.database.jdbc/ojdbc11/23.7.0.25.01/665f52abef9122ce003b5cfc1d9d44f7302e2cfe/oraclepki.jar
[2025-06-10 12:32:41.507]  INFO 15972 --- [  restartedMain] .e.DevToolsPropertyDefaultsPostProcessor : Devtools property defaults active! Set 'spring.devtools.add-properties' to 'false' to disable
[2025-06-10 12:32:41.508]  INFO 15972 --- [  restartedMain] .e.DevToolsPropertyDefaultsPostProcessor : For additional web related logging consider setting the 'logging.level.web' property to 'DEBUG'
[2025-06-10 12:32:42.550]  INFO 15972 --- [  restartedMain] o.s.b.w.e.t.TomcatWebServer              : Tomcat initialized with port 80 (http)
[2025-06-10 12:32:42.564]  INFO 15972 --- [  restartedMain] o.a.c.h.Http11NioProtocol                : Initializing ProtocolHandler ["http-nio-80"]
[2025-06-10 12:32:42.566]  INFO 15972 --- [  restartedMain] o.a.c.c.StandardService                  : Starting service [Tomcat]
[2025-06-10 12:32:42.567]  INFO 15972 --- [  restartedMain] o.a.c.c.StandardEngine                   : Starting Servlet engine: [Apache Tomcat/10.1.39]
[2025-06-10 12:32:42.611]  INFO 15972 --- [  restartedMain] o.a.c.c.C.[.[.[/]                        : Initializing Spring embedded WebApplicationContext
[2025-06-10 12:32:42.611]  INFO 15972 --- [  restartedMain] w.s.c.ServletWebServerApplicationContext : Root WebApplicationContext: initialization completed in 1103 ms
[2025-06-10 12:32:42.963]  WARN 15972 --- [  restartedMain] .s.s.UserDetailsServiceAutoConfiguration : 

Using generated security password: 261c7bdd-d555-43f7-94b3-332e83da2ea7

This generated password is for development use only. Your security configuration must be updated before running your application in production.

[2025-06-10 12:32:42.970]  INFO 15972 --- [  restartedMain] r$InitializeUserDetailsManagerConfigurer : Global AuthenticationManager configured with UserDetailsService bean with name inMemoryUserDetailsManager
[2025-06-10 12:32:43.401]  INFO 15972 --- [  restartedMain] o.s.b.d.a.OptionalLiveReloadServer       : LiveReload server is running on port 35729
[2025-06-10 12:32:43.422]  INFO 15972 --- [  restartedMain] o.a.c.h.Http11NioProtocol                : Starting ProtocolHandler ["http-nio-80"]
[2025-06-10 12:32:43.442]  INFO 15972 --- [  restartedMain] o.s.b.w.e.t.TomcatWebServer              : Tomcat started on port 80 (http) with context path '/'
[2025-06-10 12:32:43.455]  INFO 15972 --- [  restartedMain] k.c.g.SpringProjectApplication           : Started SpringProjectApplication in 2.252 seconds (process running for 3.05)
[2025-06-10 12:32:43.458]  INFO 15972 --- [  restartedMain] k.c.g.SpringProjectApplication           : 스프링 프로젝트가 성공적으로 시작되었습니다.
[2025-06-10 12:32:51.003]  INFO 15972 --- [p-nio-80-exec-1] o.a.c.c.C.[.[.[/]                        : Initializing Spring DispatcherServlet 'dispatcherServlet'
[2025-06-10 12:32:51.003]  INFO 15972 --- [p-nio-80-exec-1] o.s.w.s.DispatcherServlet                : Initializing Servlet 'dispatcherServlet'
[2025-06-10 12:32:51.004]  INFO 15972 --- [p-nio-80-exec-1] o.s.w.s.DispatcherServlet                : Completed initialization in 0 ms
[2025-06-10 12:32:58.060]  INFO 15972 --- [p-nio-80-exec-6] c.z.h.HikariDataSource                   : HikariPool-1 - Starting...
[2025-06-10 12:32:58.064]  WARN 15972 --- [p-nio-80-exec-6] c.z.h.u.DriverDataSource                 : Registered driver with driverClassName=oracle.jdbc.driver.OracleDriver was not found, trying direct instantiation.
[2025-06-10 12:32:58.380]  INFO 15972 --- [p-nio-80-exec-6] c.z.h.p.HikariPool                       : HikariPool-1 - Added connection oracle.jdbc.driver.T4CConnection@6e50bdef
[2025-06-10 12:32:58.382]  INFO 15972 --- [p-nio-80-exec-6] c.z.h.HikariDataSource                   : HikariPool-1 - Start completed.
