[2025-06-11 10:38:14.701]  INFO 14996 --- [   File Watcher] rtingClassPathChangeChangedEventListener : Restarting due to 1 class path change (0 additions, 0 deletions, 1 modification)
[2025-06-11 10:38:14.711]  INFO 14996 --- [      Thread-53] o.s.b.w.e.t.GracefulShutdown             : Commencing graceful shutdown. Waiting for active requests to complete
[2025-06-11 10:38:14.711]  INFO 14996 --- [tomcat-shutdown] o.a.c.h.Http11NioProtocol                : Pausing ProtocolHandler ["http-nio-80"]
[2025-06-11 10:38:14.757]  INFO 14996 --- [tomcat-shutdown] o.s.b.w.e.t.GracefulShutdown             : Graceful shutdown complete
[2025-06-11 10:38:14.757]  INFO 14996 --- [      Thread-53] o.a.c.h.Http11NioProtocol                : Stopping ProtocolHandler ["http-nio-80"]
[2025-06-11 10:38:14.791]  INFO 14996 --- [  restartedMain] k.c.g.SpringProjectApplication           : 스프링 프로젝트가 시작중입니다.
[2025-06-11 10:38:14.821]  INFO 14996 --- [  restartedMain] k.c.g.SpringProjectApplication           : Starting SpringProjectApplication using Java 17.0.12 with PID 14996 (C:\dev\git-workspace\springProject\bin\main started by GR in C:\dev\git-workspace\springProject)
[2025-06-11 10:38:14.822]  INFO 14996 --- [  restartedMain] k.c.g.SpringProjectApplication           : No active profile set, falling back to 1 default profile: "default"
[2025-06-11 10:38:15.043]  INFO 14996 --- [  restartedMain] o.s.b.w.e.t.TomcatWebServer              : Tomcat initialized with port 80 (http)
[2025-06-11 10:38:15.044]  INFO 14996 --- [  restartedMain] o.a.c.h.Http11NioProtocol                : Initializing ProtocolHandler ["http-nio-80"]
[2025-06-11 10:38:15.044]  INFO 14996 --- [  restartedMain] o.a.c.c.StandardService                  : Starting service [Tomcat]
[2025-06-11 10:38:15.044]  INFO 14996 --- [  restartedMain] o.a.c.c.StandardEngine                   : Starting Servlet engine: [Apache Tomcat/10.1.39]
[2025-06-11 10:38:15.055]  INFO 14996 --- [  restartedMain] o.a.c.c.C.[.[.[/]                        : Initializing Spring embedded WebApplicationContext
[2025-06-11 10:38:15.055]  INFO 14996 --- [  restartedMain] w.s.c.ServletWebServerApplicationContext : Root WebApplicationContext: initialization completed in 232 ms
[2025-06-11 10:38:15.133]  WARN 14996 --- [  restartedMain] .s.s.UserDetailsServiceAutoConfiguration : 

Using generated security password: d6013770-6805-466e-8487-a196b945b2b8

This generated password is for development use only. Your security configuration must be updated before running your application in production.

[2025-06-11 10:38:15.134]  INFO 14996 --- [  restartedMain] r$InitializeUserDetailsManagerConfigurer : Global AuthenticationManager configured with UserDetailsService bean with name inMemoryUserDetailsManager
[2025-06-11 10:38:15.219]  INFO 14996 --- [  restartedMain] o.s.b.d.a.OptionalLiveReloadServer       : LiveReload server is running on port 35729
[2025-06-11 10:38:15.227]  INFO 14996 --- [  restartedMain] o.a.c.h.Http11NioProtocol                : Starting ProtocolHandler ["http-nio-80"]
[2025-06-11 10:38:15.229]  INFO 14996 --- [  restartedMain] o.s.b.w.e.t.TomcatWebServer              : Tomcat started on port 80 (http) with context path '/'
[2025-06-11 10:38:15.235]  INFO 14996 --- [  restartedMain] k.c.g.SpringProjectApplication           : Started SpringProjectApplication in 0.442 seconds (process running for 1876.532)
[2025-06-11 10:38:15.237]  INFO 14996 --- [  restartedMain] .ConditionEvaluationDeltaLoggingListener : Condition evaluation unchanged
[2025-06-11 10:38:15.237]  INFO 14996 --- [  restartedMain] k.c.g.SpringProjectApplication           : 스프링 프로젝트가 성공적으로 시작되었습니다.
[2025-06-11 10:38:16.691]  INFO 14996 --- [   File Watcher] rtingClassPathChangeChangedEventListener : Restarting due to 1 class path change (0 additions, 0 deletions, 1 modification)
[2025-06-11 10:38:16.693]  INFO 14996 --- [      Thread-57] o.s.b.w.e.t.GracefulShutdown             : Commencing graceful shutdown. Waiting for active requests to complete
[2025-06-11 10:38:16.694]  INFO 14996 --- [tomcat-shutdown] o.a.c.h.Http11NioProtocol                : Pausing ProtocolHandler ["http-nio-80"]
[2025-06-11 10:38:16.751]  INFO 14996 --- [tomcat-shutdown] o.s.b.w.e.t.GracefulShutdown             : Graceful shutdown complete
[2025-06-11 10:38:16.752]  INFO 14996 --- [      Thread-57] o.a.c.h.Http11NioProtocol                : Stopping ProtocolHandler ["http-nio-80"]
[2025-06-11 10:38:16.785]  INFO 14996 --- [  restartedMain] k.c.g.SpringProjectApplication           : 스프링 프로젝트가 시작중입니다.
[2025-06-11 10:38:16.813]  INFO 14996 --- [  restartedMain] k.c.g.SpringProjectApplication           : Starting SpringProjectApplication using Java 17.0.12 with PID 14996 (C:\dev\git-workspace\springProject\bin\main started by GR in C:\dev\git-workspace\springProject)
[2025-06-11 10:38:16.814]  INFO 14996 --- [  restartedMain] k.c.g.SpringProjectApplication           : No active profile set, falling back to 1 default profile: "default"
[2025-06-11 10:38:17.031]  INFO 14996 --- [  restartedMain] o.s.b.w.e.t.TomcatWebServer              : Tomcat initialized with port 80 (http)
[2025-06-11 10:38:17.032]  INFO 14996 --- [  restartedMain] o.a.c.h.Http11NioProtocol                : Initializing ProtocolHandler ["http-nio-80"]
[2025-06-11 10:38:17.032]  INFO 14996 --- [  restartedMain] o.a.c.c.StandardService                  : Starting service [Tomcat]
[2025-06-11 10:38:17.032]  INFO 14996 --- [  restartedMain] o.a.c.c.StandardEngine                   : Starting Servlet engine: [Apache Tomcat/10.1.39]
[2025-06-11 10:38:17.042]  INFO 14996 --- [  restartedMain] o.a.c.c.C.[.[.[/]                        : Initializing Spring embedded WebApplicationContext
[2025-06-11 10:38:17.042]  INFO 14996 --- [  restartedMain] w.s.c.ServletWebServerApplicationContext : Root WebApplicationContext: initialization completed in 227 ms
[2025-06-11 10:38:17.113]  WARN 14996 --- [  restartedMain] .s.s.UserDetailsServiceAutoConfiguration : 

Using generated security password: 0615435a-2d95-471b-be2d-7642d97ccfcb

This generated password is for development use only. Your security configuration must be updated before running your application in production.

[2025-06-11 10:38:17.114]  INFO 14996 --- [  restartedMain] r$InitializeUserDetailsManagerConfigurer : Global AuthenticationManager configured with UserDetailsService bean with name inMemoryUserDetailsManager
[2025-06-11 10:38:17.199]  INFO 14996 --- [  restartedMain] o.s.b.d.a.OptionalLiveReloadServer       : LiveReload server is running on port 35729
[2025-06-11 10:38:17.206]  INFO 14996 --- [  restartedMain] o.a.c.h.Http11NioProtocol                : Starting ProtocolHandler ["http-nio-80"]
[2025-06-11 10:38:17.209]  INFO 14996 --- [  restartedMain] o.s.b.w.e.t.TomcatWebServer              : Tomcat started on port 80 (http) with context path '/'
[2025-06-11 10:38:17.214]  INFO 14996 --- [  restartedMain] k.c.g.SpringProjectApplication           : Started SpringProjectApplication in 0.425 seconds (process running for 1878.509)
[2025-06-11 10:38:17.215]  INFO 14996 --- [  restartedMain] .ConditionEvaluationDeltaLoggingListener : Condition evaluation unchanged
[2025-06-11 10:38:17.215]  INFO 14996 --- [  restartedMain] k.c.g.SpringProjectApplication           : 스프링 프로젝트가 성공적으로 시작되었습니다.
[2025-06-11 10:38:32.022]  INFO 14996 --- [   File Watcher] rtingClassPathChangeChangedEventListener : Restarting due to 1 class path change (0 additions, 0 deletions, 1 modification)
[2025-06-11 10:38:32.025]  INFO 14996 --- [      Thread-61] o.s.b.w.e.t.GracefulShutdown             : Commencing graceful shutdown. Waiting for active requests to complete
[2025-06-11 10:38:32.026]  INFO 14996 --- [tomcat-shutdown] o.a.c.h.Http11NioProtocol                : Pausing ProtocolHandler ["http-nio-80"]
[2025-06-11 10:38:32.096]  INFO 14996 --- [tomcat-shutdown] o.s.b.w.e.t.GracefulShutdown             : Graceful shutdown complete
[2025-06-11 10:38:32.096]  INFO 14996 --- [      Thread-61] o.a.c.h.Http11NioProtocol                : Stopping ProtocolHandler ["http-nio-80"]
[2025-06-11 10:38:32.129]  INFO 14996 --- [  restartedMain] k.c.g.SpringProjectApplication           : 스프링 프로젝트가 시작중입니다.
[2025-06-11 10:38:32.160]  INFO 14996 --- [  restartedMain] k.c.g.SpringProjectApplication           : Starting SpringProjectApplication using Java 17.0.12 with PID 14996 (C:\dev\git-workspace\springProject\bin\main started by GR in C:\dev\git-workspace\springProject)
[2025-06-11 10:38:32.160]  INFO 14996 --- [  restartedMain] k.c.g.SpringProjectApplication           : No active profile set, falling back to 1 default profile: "default"
[2025-06-11 10:38:32.412]  INFO 14996 --- [  restartedMain] o.s.b.w.e.t.TomcatWebServer              : Tomcat initialized with port 80 (http)
[2025-06-11 10:38:32.413]  INFO 14996 --- [  restartedMain] o.a.c.h.Http11NioProtocol                : Initializing ProtocolHandler ["http-nio-80"]
[2025-06-11 10:38:32.414]  INFO 14996 --- [  restartedMain] o.a.c.c.StandardService                  : Starting service [Tomcat]
[2025-06-11 10:38:32.414]  INFO 14996 --- [  restartedMain] o.a.c.c.StandardEngine                   : Starting Servlet engine: [Apache Tomcat/10.1.39]
[2025-06-11 10:38:32.424]  INFO 14996 --- [  restartedMain] o.a.c.c.C.[.[.[/]                        : Initializing Spring embedded WebApplicationContext
[2025-06-11 10:38:32.424]  INFO 14996 --- [  restartedMain] w.s.c.ServletWebServerApplicationContext : Root WebApplicationContext: initialization completed in 262 ms
[2025-06-11 10:38:32.496]  WARN 14996 --- [  restartedMain] .s.s.UserDetailsServiceAutoConfiguration : 

Using generated security password: e8cf04ba-87a1-4c95-9742-fbd979c9cc17

This generated password is for development use only. Your security configuration must be updated before running your application in production.

[2025-06-11 10:38:32.497]  INFO 14996 --- [  restartedMain] r$InitializeUserDetailsManagerConfigurer : Global AuthenticationManager configured with UserDetailsService bean with name inMemoryUserDetailsManager
[2025-06-11 10:38:32.591]  INFO 14996 --- [  restartedMain] o.s.b.d.a.OptionalLiveReloadServer       : LiveReload server is running on port 35729
[2025-06-11 10:38:32.599]  INFO 14996 --- [  restartedMain] o.a.c.h.Http11NioProtocol                : Starting ProtocolHandler ["http-nio-80"]
[2025-06-11 10:38:32.601]  INFO 14996 --- [  restartedMain] o.s.b.w.e.t.TomcatWebServer              : Tomcat started on port 80 (http) with context path '/'
[2025-06-11 10:38:32.606]  INFO 14996 --- [  restartedMain] k.c.g.SpringProjectApplication           : Started SpringProjectApplication in 0.475 seconds (process running for 1893.902)
[2025-06-11 10:38:32.607]  INFO 14996 --- [  restartedMain] .ConditionEvaluationDeltaLoggingListener : Condition evaluation unchanged
[2025-06-11 10:38:32.608]  INFO 14996 --- [  restartedMain] k.c.g.SpringProjectApplication           : 스프링 프로젝트가 성공적으로 시작되었습니다.
