[2025-06-10 11:10:30.968]  INFO ${sys:PID} --- [           main] t.c.s.AnnotationConfigContextLoaderUtils : Could not detect default configuration classes for test class [kr.co.green.member.MemberRegisterTest]: MemberRegisterTest does not declare any static, non-private, non-final, nested classes annotated with @Configuration.
[2025-06-10 11:10:31.117]  INFO ${sys:PID} --- [           main] .b.t.c.SpringBootTestContextBootstrapper : Found @SpringBootConfiguration kr.co.green.SpringProjectApplication for test class kr.co.green.member.MemberRegisterTest
[2025-06-10 11:10:31.254]  INFO ${sys:PID} --- [           main] o.s.b.d.r.RestartApplicationListener     : Restart disabled due to context in which it is running
[2025-06-10 11:10:31.458]  INFO 14984 --- [kground-preinit] o.h.v.i.u.Version                        : HV000001: Hibernate Validator 8.0.2.Final
[2025-06-10 11:10:31.510]  INFO 14984 --- [           main] k.c.g.m.MemberRegisterTest               : Starting MemberRegisterTest using Java 17.0.12 with PID 14984 (started by GR in C:\dev\git-workspace\springProject)
[2025-06-10 11:10:31.520]  INFO 14984 --- [           main] k.c.g.m.MemberRegisterTest               : No active profile set, falling back to 1 default profile: "default"
[2025-06-10 11:10:32.996]  WARN 14984 --- [           main] .s.s.UserDetailsServiceAutoConfiguration : 

Using generated security password: 58d747df-4ace-4750-be1e-14b1ab84aa7c

This generated password is for development use only. Your security configuration must be updated before running your application in production.

[2025-06-10 11:10:33.003]  INFO 14984 --- [           main] r$InitializeUserDetailsManagerConfigurer : Global AuthenticationManager configured with UserDetailsService bean with name inMemoryUserDetailsManager
[2025-06-10 11:10:33.617]  INFO 14984 --- [           main] o.s.b.t.m.w.SpringBootMockServletContext : Initializing Spring TestDispatcherServlet ''
[2025-06-10 11:10:33.617]  INFO 14984 --- [           main] o.s.t.w.s.TestDispatcherServlet          : Initializing Servlet ''
[2025-06-10 11:10:33.618]  INFO 14984 --- [           main] o.s.t.w.s.TestDispatcherServlet          : Completed initialization in 1 ms
[2025-06-10 11:10:33.648]  INFO 14984 --- [           main] k.c.g.m.MemberRegisterTest               : Started MemberRegisterTest in 2.405 seconds (process running for 3.72)
[2025-06-10 11:10:33.676]  INFO 14984 --- [           main] c.z.h.HikariDataSource                   : HikariPool-1 - Starting...
[2025-06-10 11:10:33.681]  WARN 14984 --- [           main] c.z.h.u.DriverDataSource                 : Registered driver with driverClassName=oracle.jdbc.driver.OracleDriver was not found, trying direct instantiation.
[2025-06-10 11:10:34.231]  INFO 14984 --- [           main] c.z.h.p.HikariPool                       : HikariPool-1 - Added connection oracle.jdbc.driver.T4CConnection@1e8bccfb
[2025-06-10 11:10:34.234]  INFO 14984 --- [           main] c.z.h.HikariDataSource                   : HikariPool-1 - Start completed.
[2025-06-10 11:10:35.109]  INFO 14984 --- [ionShutdownHook] c.z.h.HikariDataSource                   : HikariPool-1 - Shutdown initiated...
[2025-06-10 11:10:35.125]  INFO 14984 --- [ionShutdownHook] c.z.h.HikariDataSource                   : HikariPool-1 - Shutdown completed.
