[2025-06-11 09:50:00.535]  INFO 5368 --- [   File Watcher] rtingClassPathChangeChangedEventListener : Restarting due to 1 class path change (0 additions, 0 deletions, 1 modification)
[2025-06-11 09:50:00.538]  INFO 5368 --- [     Thread-169] o.s.b.w.e.t.GracefulShutdown             : Commencing graceful shutdown. Waiting for active requests to complete
[2025-06-11 09:50:00.539]  INFO 5368 --- [tomcat-shutdown] o.a.c.h.Http11NioProtocol                : Pausing ProtocolHandler ["http-nio-80"]
[2025-06-11 09:50:00.573]  INFO 5368 --- [tomcat-shutdown] o.s.b.w.e.t.GracefulShutdown             : Graceful shutdown complete
[2025-06-11 09:50:00.574]  INFO 5368 --- [     Thread-169] o.a.c.h.Http11NioProtocol                : Stopping ProtocolHandler ["http-nio-80"]
[2025-06-11 09:50:00.614]  INFO 5368 --- [  restartedMain] k.c.g.SpringProjectApplication           : 스프링 프로젝트가 시작중입니다.
[2025-06-11 09:50:00.644]  INFO 5368 --- [  restartedMain] k.c.g.SpringProjectApplication           : Starting SpringProjectApplication using Java 17.0.12 with PID 5368 (C:\dev\git-workspace\springProject\bin\main started by GR in C:\dev\git-workspace\springProject)
[2025-06-11 09:50:00.644]  INFO 5368 --- [  restartedMain] k.c.g.SpringProjectApplication           : No active profile set, falling back to 1 default profile: "default"
[2025-06-11 09:50:00.881]  INFO 5368 --- [  restartedMain] o.s.b.w.e.t.TomcatWebServer              : Tomcat initialized with port 80 (http)
[2025-06-11 09:50:00.882]  INFO 5368 --- [  restartedMain] o.a.c.h.Http11NioProtocol                : Initializing ProtocolHandler ["http-nio-80"]
[2025-06-11 09:50:00.882]  INFO 5368 --- [  restartedMain] o.a.c.c.StandardService                  : Starting service [Tomcat]
[2025-06-11 09:50:00.882]  INFO 5368 --- [  restartedMain] o.a.c.c.StandardEngine                   : Starting Servlet engine: [Apache Tomcat/10.1.39]
[2025-06-11 09:50:00.893]  INFO 5368 --- [  restartedMain] o.a.c.c.C.[.[.[/]                        : Initializing Spring embedded WebApplicationContext
[2025-06-11 09:50:00.893]  INFO 5368 --- [  restartedMain] w.s.c.ServletWebServerApplicationContext : Root WebApplicationContext: initialization completed in 247 ms
[2025-06-11 09:50:00.975]  WARN 5368 --- [  restartedMain] .s.s.UserDetailsServiceAutoConfiguration : 

Using generated security password: 9320897b-368f-40ee-8833-8d2544caa474

This generated password is for development use only. Your security configuration must be updated before running your application in production.

[2025-06-11 09:50:00.976]  INFO 5368 --- [  restartedMain] r$InitializeUserDetailsManagerConfigurer : Global AuthenticationManager configured with UserDetailsService bean with name inMemoryUserDetailsManager
[2025-06-11 09:50:01.163]  INFO 5368 --- [  restartedMain] o.s.b.d.a.OptionalLiveReloadServer       : LiveReload server is running on port 35729
[2025-06-11 09:50:01.173]  INFO 5368 --- [  restartedMain] o.a.c.h.Http11NioProtocol                : Starting ProtocolHandler ["http-nio-80"]
[2025-06-11 09:50:01.176]  INFO 5368 --- [  restartedMain] o.s.b.w.e.t.TomcatWebServer              : Tomcat started on port 80 (http) with context path '/'
[2025-06-11 09:50:01.184]  INFO 5368 --- [  restartedMain] k.c.g.SpringProjectApplication           : Started SpringProjectApplication in 0.565 seconds (process running for 2602.92)
[2025-06-11 09:50:01.186]  INFO 5368 --- [  restartedMain] .ConditionEvaluationDeltaLoggingListener : Condition evaluation unchanged
[2025-06-11 09:50:01.186]  INFO 5368 --- [  restartedMain] k.c.g.SpringProjectApplication           : 스프링 프로젝트가 성공적으로 시작되었습니다.
[2025-06-11 09:50:02.636]  INFO 5368 --- [   File Watcher] rtingClassPathChangeChangedEventListener : Restarting due to 2 class path changes (0 additions, 0 deletions, 2 modifications)
[2025-06-11 09:50:02.638]  INFO 5368 --- [     Thread-173] o.s.b.w.e.t.GracefulShutdown             : Commencing graceful shutdown. Waiting for active requests to complete
[2025-06-11 09:50:02.639]  INFO 5368 --- [tomcat-shutdown] o.a.c.h.Http11NioProtocol                : Pausing ProtocolHandler ["http-nio-80"]
[2025-06-11 09:50:02.694]  INFO 5368 --- [tomcat-shutdown] o.s.b.w.e.t.GracefulShutdown             : Graceful shutdown complete
[2025-06-11 09:50:02.694]  INFO 5368 --- [     Thread-173] o.a.c.h.Http11NioProtocol                : Stopping ProtocolHandler ["http-nio-80"]
[2025-06-11 09:50:02.735]  INFO 5368 --- [  restartedMain] k.c.g.SpringProjectApplication           : 스프링 프로젝트가 시작중입니다.
[2025-06-11 09:50:02.762]  INFO 5368 --- [  restartedMain] k.c.g.SpringProjectApplication           : Starting SpringProjectApplication using Java 17.0.12 with PID 5368 (C:\dev\git-workspace\springProject\bin\main started by GR in C:\dev\git-workspace\springProject)
[2025-06-11 09:50:02.763]  INFO 5368 --- [  restartedMain] k.c.g.SpringProjectApplication           : No active profile set, falling back to 1 default profile: "default"
[2025-06-11 09:50:02.980]  INFO 5368 --- [  restartedMain] o.s.b.w.e.t.TomcatWebServer              : Tomcat initialized with port 80 (http)
[2025-06-11 09:50:02.980]  INFO 5368 --- [  restartedMain] o.a.c.h.Http11NioProtocol                : Initializing ProtocolHandler ["http-nio-80"]
[2025-06-11 09:50:02.981]  INFO 5368 --- [  restartedMain] o.a.c.c.StandardService                  : Starting service [Tomcat]
[2025-06-11 09:50:02.981]  INFO 5368 --- [  restartedMain] o.a.c.c.StandardEngine                   : Starting Servlet engine: [Apache Tomcat/10.1.39]
[2025-06-11 09:50:02.993]  INFO 5368 --- [  restartedMain] o.a.c.c.C.[.[.[/]                        : Initializing Spring embedded WebApplicationContext
[2025-06-11 09:50:02.993]  INFO 5368 --- [  restartedMain] w.s.c.ServletWebServerApplicationContext : Root WebApplicationContext: initialization completed in 229 ms
[2025-06-11 09:50:03.056]  WARN 5368 --- [  restartedMain] .s.s.UserDetailsServiceAutoConfiguration : 

Using generated security password: cff79505-6dde-4215-83b9-4ced1718a288

This generated password is for development use only. Your security configuration must be updated before running your application in production.

[2025-06-11 09:50:03.056]  INFO 5368 --- [  restartedMain] r$InitializeUserDetailsManagerConfigurer : Global AuthenticationManager configured with UserDetailsService bean with name inMemoryUserDetailsManager
[2025-06-11 09:50:03.141]  INFO 5368 --- [  restartedMain] o.s.b.d.a.OptionalLiveReloadServer       : LiveReload server is running on port 35729
[2025-06-11 09:50:03.149]  INFO 5368 --- [  restartedMain] o.a.c.h.Http11NioProtocol                : Starting ProtocolHandler ["http-nio-80"]
[2025-06-11 09:50:03.151]  INFO 5368 --- [  restartedMain] o.s.b.w.e.t.TomcatWebServer              : Tomcat started on port 80 (http) with context path '/'
[2025-06-11 09:50:03.157]  INFO 5368 --- [  restartedMain] k.c.g.SpringProjectApplication           : Started SpringProjectApplication in 0.417 seconds (process running for 2604.893)
[2025-06-11 09:50:03.158]  INFO 5368 --- [  restartedMain] .ConditionEvaluationDeltaLoggingListener : Condition evaluation unchanged
[2025-06-11 09:50:03.158]  INFO 5368 --- [  restartedMain] k.c.g.SpringProjectApplication           : 스프링 프로젝트가 성공적으로 시작되었습니다.
[2025-06-11 09:50:33.673]  INFO 5368 --- [   File Watcher] rtingClassPathChangeChangedEventListener : Restarting due to 2 class path changes (0 additions, 0 deletions, 2 modifications)
[2025-06-11 09:50:33.676]  INFO 5368 --- [     Thread-177] o.s.b.w.e.t.GracefulShutdown             : Commencing graceful shutdown. Waiting for active requests to complete
[2025-06-11 09:50:33.677]  INFO 5368 --- [tomcat-shutdown] o.a.c.h.Http11NioProtocol                : Pausing ProtocolHandler ["http-nio-80"]
[2025-06-11 09:50:33.744]  INFO 5368 --- [tomcat-shutdown] o.s.b.w.e.t.GracefulShutdown             : Graceful shutdown complete
[2025-06-11 09:50:33.745]  INFO 5368 --- [     Thread-177] o.a.c.h.Http11NioProtocol                : Stopping ProtocolHandler ["http-nio-80"]
[2025-06-11 09:50:33.783]  INFO 5368 --- [  restartedMain] k.c.g.SpringProjectApplication           : 스프링 프로젝트가 시작중입니다.
[2025-06-11 09:50:33.812]  INFO 5368 --- [  restartedMain] k.c.g.SpringProjectApplication           : Starting SpringProjectApplication using Java 17.0.12 with PID 5368 (C:\dev\git-workspace\springProject\bin\main started by GR in C:\dev\git-workspace\springProject)
[2025-06-11 09:50:33.812]  INFO 5368 --- [  restartedMain] k.c.g.SpringProjectApplication           : No active profile set, falling back to 1 default profile: "default"
[2025-06-11 09:50:34.030]  INFO 5368 --- [  restartedMain] o.s.b.w.e.t.TomcatWebServer              : Tomcat initialized with port 80 (http)
[2025-06-11 09:50:34.030]  INFO 5368 --- [  restartedMain] o.a.c.h.Http11NioProtocol                : Initializing ProtocolHandler ["http-nio-80"]
[2025-06-11 09:50:34.031]  INFO 5368 --- [  restartedMain] o.a.c.c.StandardService                  : Starting service [Tomcat]
[2025-06-11 09:50:34.031]  INFO 5368 --- [  restartedMain] o.a.c.c.StandardEngine                   : Starting Servlet engine: [Apache Tomcat/10.1.39]
[2025-06-11 09:50:34.044]  INFO 5368 --- [  restartedMain] o.a.c.c.C.[.[.[/]                        : Initializing Spring embedded WebApplicationContext
[2025-06-11 09:50:34.044]  INFO 5368 --- [  restartedMain] w.s.c.ServletWebServerApplicationContext : Root WebApplicationContext: initialization completed in 230 ms
[2025-06-11 09:50:34.109]  WARN 5368 --- [  restartedMain] .s.s.UserDetailsServiceAutoConfiguration : 

Using generated security password: 04f11393-3948-4596-9599-1b50fa2399f6

This generated password is for development use only. Your security configuration must be updated before running your application in production.

[2025-06-11 09:50:34.110]  INFO 5368 --- [  restartedMain] r$InitializeUserDetailsManagerConfigurer : Global AuthenticationManager configured with UserDetailsService bean with name inMemoryUserDetailsManager
[2025-06-11 09:50:34.197]  INFO 5368 --- [  restartedMain] o.s.b.d.a.OptionalLiveReloadServer       : LiveReload server is running on port 35729
[2025-06-11 09:50:34.204]  INFO 5368 --- [  restartedMain] o.a.c.h.Http11NioProtocol                : Starting ProtocolHandler ["http-nio-80"]
[2025-06-11 09:50:34.206]  INFO 5368 --- [  restartedMain] o.s.b.w.e.t.TomcatWebServer              : Tomcat started on port 80 (http) with context path '/'
[2025-06-11 09:50:34.212]  INFO 5368 --- [  restartedMain] k.c.g.SpringProjectApplication           : Started SpringProjectApplication in 0.422 seconds (process running for 2635.946)
[2025-06-11 09:50:34.213]  INFO 5368 --- [  restartedMain] .ConditionEvaluationDeltaLoggingListener : Condition evaluation unchanged
[2025-06-11 09:50:34.213]  INFO 5368 --- [  restartedMain] k.c.g.SpringProjectApplication           : 스프링 프로젝트가 성공적으로 시작되었습니다.
[2025-06-11 09:50:56.373]  INFO 5368 --- [   File Watcher] rtingClassPathChangeChangedEventListener : Restarting due to 1 class path change (0 additions, 0 deletions, 1 modification)
[2025-06-11 09:50:56.375]  INFO 5368 --- [     Thread-181] o.s.b.w.e.t.GracefulShutdown             : Commencing graceful shutdown. Waiting for active requests to complete
[2025-06-11 09:50:56.377]  INFO 5368 --- [tomcat-shutdown] o.a.c.h.Http11NioProtocol                : Pausing ProtocolHandler ["http-nio-80"]
[2025-06-11 09:50:56.452]  INFO 5368 --- [tomcat-shutdown] o.s.b.w.e.t.GracefulShutdown             : Graceful shutdown complete
[2025-06-11 09:50:56.452]  INFO 5368 --- [     Thread-181] o.a.c.h.Http11NioProtocol                : Stopping ProtocolHandler ["http-nio-80"]
[2025-06-11 09:50:56.491]  INFO 5368 --- [  restartedMain] k.c.g.SpringProjectApplication           : 스프링 프로젝트가 시작중입니다.
[2025-06-11 09:50:56.519]  INFO 5368 --- [  restartedMain] k.c.g.SpringProjectApplication           : Starting SpringProjectApplication using Java 17.0.12 with PID 5368 (C:\dev\git-workspace\springProject\bin\main started by GR in C:\dev\git-workspace\springProject)
[2025-06-11 09:50:56.519]  INFO 5368 --- [  restartedMain] k.c.g.SpringProjectApplication           : No active profile set, falling back to 1 default profile: "default"
[2025-06-11 09:50:56.734]  INFO 5368 --- [  restartedMain] o.s.b.w.e.t.TomcatWebServer              : Tomcat initialized with port 80 (http)
[2025-06-11 09:50:56.735]  INFO 5368 --- [  restartedMain] o.a.c.h.Http11NioProtocol                : Initializing ProtocolHandler ["http-nio-80"]
[2025-06-11 09:50:56.735]  INFO 5368 --- [  restartedMain] o.a.c.c.StandardService                  : Starting service [Tomcat]
[2025-06-11 09:50:56.735]  INFO 5368 --- [  restartedMain] o.a.c.c.StandardEngine                   : Starting Servlet engine: [Apache Tomcat/10.1.39]
[2025-06-11 09:50:56.748]  INFO 5368 --- [  restartedMain] o.a.c.c.C.[.[.[/]                        : Initializing Spring embedded WebApplicationContext
[2025-06-11 09:50:56.749]  INFO 5368 --- [  restartedMain] w.s.c.ServletWebServerApplicationContext : Root WebApplicationContext: initialization completed in 229 ms
[2025-06-11 09:50:56.813]  WARN 5368 --- [  restartedMain] .s.s.UserDetailsServiceAutoConfiguration : 

Using generated security password: c7f1154f-ee58-4ef4-8183-c561c0a7ca65

This generated password is for development use only. Your security configuration must be updated before running your application in production.

[2025-06-11 09:50:56.813]  INFO 5368 --- [  restartedMain] r$InitializeUserDetailsManagerConfigurer : Global AuthenticationManager configured with UserDetailsService bean with name inMemoryUserDetailsManager
[2025-06-11 09:50:56.899]  INFO 5368 --- [  restartedMain] o.s.b.d.a.OptionalLiveReloadServer       : LiveReload server is running on port 35729
[2025-06-11 09:50:56.906]  INFO 5368 --- [  restartedMain] o.a.c.h.Http11NioProtocol                : Starting ProtocolHandler ["http-nio-80"]
[2025-06-11 09:50:56.908]  INFO 5368 --- [  restartedMain] o.s.b.w.e.t.TomcatWebServer              : Tomcat started on port 80 (http) with context path '/'
[2025-06-11 09:50:56.914]  INFO 5368 --- [  restartedMain] k.c.g.SpringProjectApplication           : Started SpringProjectApplication in 0.417 seconds (process running for 2658.648)
[2025-06-11 09:50:56.915]  INFO 5368 --- [  restartedMain] .ConditionEvaluationDeltaLoggingListener : Condition evaluation unchanged
[2025-06-11 09:50:56.915]  INFO 5368 --- [  restartedMain] k.c.g.SpringProjectApplication           : 스프링 프로젝트가 성공적으로 시작되었습니다.
