[2025-06-11 10:44:01.965]  INFO 14996 --- [   File Watcher] rtingClassPathChangeChangedEventListener : Restarting due to 1 class path change (0 additions, 0 deletions, 1 modification)
[2025-06-11 10:44:01.977]  INFO 14996 --- [      Thread-93] o.s.b.w.e.t.GracefulShutdown             : Commencing graceful shutdown. Waiting for active requests to complete
[2025-06-11 10:44:01.978]  INFO 14996 --- [tomcat-shutdown] o.a.c.h.Http11NioProtocol                : Pausing ProtocolHandler ["http-nio-80"]
[2025-06-11 10:44:02.046]  INFO 14996 --- [tomcat-shutdown] o.s.b.w.e.t.GracefulShutdown             : Graceful shutdown complete
[2025-06-11 10:44:02.047]  INFO 14996 --- [      Thread-93] o.a.c.h.Http11NioProtocol                : Stopping ProtocolHandler ["http-nio-80"]
[2025-06-11 10:44:02.084]  INFO 14996 --- [  restartedMain] k.c.g.SpringProjectApplication           : 스프링 프로젝트가 시작중입니다.
[2025-06-11 10:44:02.112]  INFO 14996 --- [  restartedMain] k.c.g.SpringProjectApplication           : Starting SpringProjectApplication using Java 17.0.12 with PID 14996 (C:\dev\git-workspace\springProject\bin\main started by GR in C:\dev\git-workspace\springProject)
[2025-06-11 10:44:02.112]  INFO 14996 --- [  restartedMain] k.c.g.SpringProjectApplication           : No active profile set, falling back to 1 default profile: "default"
[2025-06-11 10:44:02.330]  INFO 14996 --- [  restartedMain] o.s.b.w.e.t.TomcatWebServer              : Tomcat initialized with port 80 (http)
[2025-06-11 10:44:02.331]  INFO 14996 --- [  restartedMain] o.a.c.h.Http11NioProtocol                : Initializing ProtocolHandler ["http-nio-80"]
[2025-06-11 10:44:02.331]  INFO 14996 --- [  restartedMain] o.a.c.c.StandardService                  : Starting service [Tomcat]
[2025-06-11 10:44:02.332]  INFO 14996 --- [  restartedMain] o.a.c.c.StandardEngine                   : Starting Servlet engine: [Apache Tomcat/10.1.39]
[2025-06-11 10:44:02.341]  INFO 14996 --- [  restartedMain] o.a.c.c.C.[.[.[/]                        : Initializing Spring embedded WebApplicationContext
[2025-06-11 10:44:02.341]  INFO 14996 --- [  restartedMain] w.s.c.ServletWebServerApplicationContext : Root WebApplicationContext: initialization completed in 228 ms
[2025-06-11 10:44:02.406]  WARN 14996 --- [  restartedMain] .s.s.UserDetailsServiceAutoConfiguration : 

Using generated security password: 00544c7f-bc6f-470e-8577-9aa8d192ed8a

This generated password is for development use only. Your security configuration must be updated before running your application in production.

[2025-06-11 10:44:02.407]  INFO 14996 --- [  restartedMain] r$InitializeUserDetailsManagerConfigurer : Global AuthenticationManager configured with UserDetailsService bean with name inMemoryUserDetailsManager
[2025-06-11 10:44:02.492]  INFO 14996 --- [  restartedMain] o.s.b.d.a.OptionalLiveReloadServer       : LiveReload server is running on port 35729
[2025-06-11 10:44:02.499]  INFO 14996 --- [  restartedMain] o.a.c.h.Http11NioProtocol                : Starting ProtocolHandler ["http-nio-80"]
[2025-06-11 10:44:02.501]  INFO 14996 --- [  restartedMain] o.s.b.w.e.t.TomcatWebServer              : Tomcat started on port 80 (http) with context path '/'
[2025-06-11 10:44:02.507]  INFO 14996 --- [  restartedMain] k.c.g.SpringProjectApplication           : Started SpringProjectApplication in 0.421 seconds (process running for 2223.8)
[2025-06-11 10:44:02.508]  INFO 14996 --- [  restartedMain] .ConditionEvaluationDeltaLoggingListener : Condition evaluation unchanged
[2025-06-11 10:44:02.509]  INFO 14996 --- [  restartedMain] k.c.g.SpringProjectApplication           : 스프링 프로젝트가 성공적으로 시작되었습니다.
[2025-06-11 10:44:10.078]  INFO 14996 --- [   File Watcher] rtingClassPathChangeChangedEventListener : Restarting due to 1 class path change (0 additions, 0 deletions, 1 modification)
[2025-06-11 10:44:10.081]  INFO 14996 --- [      Thread-97] o.s.b.w.e.t.GracefulShutdown             : Commencing graceful shutdown. Waiting for active requests to complete
[2025-06-11 10:44:10.083]  INFO 14996 --- [tomcat-shutdown] o.a.c.h.Http11NioProtocol                : Pausing ProtocolHandler ["http-nio-80"]
[2025-06-11 10:44:10.154]  INFO 14996 --- [tomcat-shutdown] o.s.b.w.e.t.GracefulShutdown             : Graceful shutdown complete
[2025-06-11 10:44:10.154]  INFO 14996 --- [      Thread-97] o.a.c.h.Http11NioProtocol                : Stopping ProtocolHandler ["http-nio-80"]
[2025-06-11 10:44:10.191]  INFO 14996 --- [  restartedMain] k.c.g.SpringProjectApplication           : 스프링 프로젝트가 시작중입니다.
[2025-06-11 10:44:10.219]  INFO 14996 --- [  restartedMain] k.c.g.SpringProjectApplication           : Starting SpringProjectApplication using Java 17.0.12 with PID 14996 (C:\dev\git-workspace\springProject\bin\main started by GR in C:\dev\git-workspace\springProject)
[2025-06-11 10:44:10.219]  INFO 14996 --- [  restartedMain] k.c.g.SpringProjectApplication           : No active profile set, falling back to 1 default profile: "default"
[2025-06-11 10:44:10.438]  INFO 14996 --- [  restartedMain] o.s.b.w.e.t.TomcatWebServer              : Tomcat initialized with port 80 (http)
[2025-06-11 10:44:10.439]  INFO 14996 --- [  restartedMain] o.a.c.h.Http11NioProtocol                : Initializing ProtocolHandler ["http-nio-80"]
[2025-06-11 10:44:10.439]  INFO 14996 --- [  restartedMain] o.a.c.c.StandardService                  : Starting service [Tomcat]
[2025-06-11 10:44:10.439]  INFO 14996 --- [  restartedMain] o.a.c.c.StandardEngine                   : Starting Servlet engine: [Apache Tomcat/10.1.39]
[2025-06-11 10:44:10.449]  INFO 14996 --- [  restartedMain] o.a.c.c.C.[.[.[/]                        : Initializing Spring embedded WebApplicationContext
[2025-06-11 10:44:10.449]  INFO 14996 --- [  restartedMain] w.s.c.ServletWebServerApplicationContext : Root WebApplicationContext: initialization completed in 229 ms
[2025-06-11 10:44:10.520]  WARN 14996 --- [  restartedMain] .s.s.UserDetailsServiceAutoConfiguration : 

Using generated security password: dd4a788b-28c4-4254-bb81-adfe39502164

This generated password is for development use only. Your security configuration must be updated before running your application in production.

[2025-06-11 10:44:10.521]  INFO 14996 --- [  restartedMain] r$InitializeUserDetailsManagerConfigurer : Global AuthenticationManager configured with UserDetailsService bean with name inMemoryUserDetailsManager
[2025-06-11 10:44:10.626]  INFO 14996 --- [  restartedMain] o.s.b.d.a.OptionalLiveReloadServer       : LiveReload server is running on port 35729
[2025-06-11 10:44:10.633]  INFO 14996 --- [  restartedMain] o.a.c.h.Http11NioProtocol                : Starting ProtocolHandler ["http-nio-80"]
[2025-06-11 10:44:10.636]  INFO 14996 --- [  restartedMain] o.s.b.w.e.t.TomcatWebServer              : Tomcat started on port 80 (http) with context path '/'
[2025-06-11 10:44:10.641]  INFO 14996 --- [  restartedMain] k.c.g.SpringProjectApplication           : Started SpringProjectApplication in 0.448 seconds (process running for 2231.934)
[2025-06-11 10:44:10.643]  INFO 14996 --- [  restartedMain] .ConditionEvaluationDeltaLoggingListener : Condition evaluation unchanged
[2025-06-11 10:44:10.643]  INFO 14996 --- [  restartedMain] k.c.g.SpringProjectApplication           : 스프링 프로젝트가 성공적으로 시작되었습니다.
[2025-06-11 10:44:51.965]  INFO 14996 --- [   File Watcher] rtingClassPathChangeChangedEventListener : Restarting due to 1 class path change (0 additions, 0 deletions, 1 modification)
[2025-06-11 10:44:51.969]  INFO 14996 --- [     Thread-101] o.s.b.w.e.t.GracefulShutdown             : Commencing graceful shutdown. Waiting for active requests to complete
[2025-06-11 10:44:51.970]  INFO 14996 --- [tomcat-shutdown] o.a.c.h.Http11NioProtocol                : Pausing ProtocolHandler ["http-nio-80"]
[2025-06-11 10:44:52.059]  INFO 14996 --- [tomcat-shutdown] o.s.b.w.e.t.GracefulShutdown             : Graceful shutdown complete
[2025-06-11 10:44:52.060]  INFO 14996 --- [     Thread-101] o.a.c.h.Http11NioProtocol                : Stopping ProtocolHandler ["http-nio-80"]
[2025-06-11 10:44:52.095]  INFO 14996 --- [  restartedMain] k.c.g.SpringProjectApplication           : 스프링 프로젝트가 시작중입니다.
[2025-06-11 10:44:52.123]  INFO 14996 --- [  restartedMain] k.c.g.SpringProjectApplication           : Starting SpringProjectApplication using Java 17.0.12 with PID 14996 (C:\dev\git-workspace\springProject\bin\main started by GR in C:\dev\git-workspace\springProject)
[2025-06-11 10:44:52.124]  INFO 14996 --- [  restartedMain] k.c.g.SpringProjectApplication           : No active profile set, falling back to 1 default profile: "default"
[2025-06-11 10:44:52.341]  INFO 14996 --- [  restartedMain] o.s.b.w.e.t.TomcatWebServer              : Tomcat initialized with port 80 (http)
[2025-06-11 10:44:52.342]  INFO 14996 --- [  restartedMain] o.a.c.h.Http11NioProtocol                : Initializing ProtocolHandler ["http-nio-80"]
[2025-06-11 10:44:52.342]  INFO 14996 --- [  restartedMain] o.a.c.c.StandardService                  : Starting service [Tomcat]
[2025-06-11 10:44:52.342]  INFO 14996 --- [  restartedMain] o.a.c.c.StandardEngine                   : Starting Servlet engine: [Apache Tomcat/10.1.39]
[2025-06-11 10:44:52.352]  INFO 14996 --- [  restartedMain] o.a.c.c.C.[.[.[/]                        : Initializing Spring embedded WebApplicationContext
[2025-06-11 10:44:52.352]  INFO 14996 --- [  restartedMain] w.s.c.ServletWebServerApplicationContext : Root WebApplicationContext: initialization completed in 227 ms
[2025-06-11 10:44:52.418]  WARN 14996 --- [  restartedMain] .s.s.UserDetailsServiceAutoConfiguration : 

Using generated security password: 17a4ad61-d44b-4566-99f6-18c1bf964780

This generated password is for development use only. Your security configuration must be updated before running your application in production.

[2025-06-11 10:44:52.418]  INFO 14996 --- [  restartedMain] r$InitializeUserDetailsManagerConfigurer : Global AuthenticationManager configured with UserDetailsService bean with name inMemoryUserDetailsManager
[2025-06-11 10:44:52.510]  INFO 14996 --- [  restartedMain] o.s.b.d.a.OptionalLiveReloadServer       : LiveReload server is running on port 35729
[2025-06-11 10:44:52.518]  INFO 14996 --- [  restartedMain] o.a.c.h.Http11NioProtocol                : Starting ProtocolHandler ["http-nio-80"]
[2025-06-11 10:44:52.520]  INFO 14996 --- [  restartedMain] o.s.b.w.e.t.TomcatWebServer              : Tomcat started on port 80 (http) with context path '/'
[2025-06-11 10:44:52.526]  INFO 14996 --- [  restartedMain] k.c.g.SpringProjectApplication           : Started SpringProjectApplication in 0.429 seconds (process running for 2273.819)
[2025-06-11 10:44:52.527]  INFO 14996 --- [  restartedMain] .ConditionEvaluationDeltaLoggingListener : Condition evaluation unchanged
[2025-06-11 10:44:52.528]  INFO 14996 --- [  restartedMain] k.c.g.SpringProjectApplication           : 스프링 프로젝트가 성공적으로 시작되었습니다.
