[2025-06-11 10:39:09.926]  INFO 14996 --- [   File Watcher] rtingClassPathChangeChangedEventListener : Restarting due to 3 class path changes (0 additions, 0 deletions, 3 modifications)
[2025-06-11 10:39:09.930]  INFO 14996 --- [      Thread-65] o.s.b.w.e.t.GracefulShutdown             : Commencing graceful shutdown. Waiting for active requests to complete
[2025-06-11 10:39:09.930]  INFO 14996 --- [tomcat-shutdown] o.a.c.h.Http11NioProtocol                : Pausing ProtocolHandler ["http-nio-80"]
[2025-06-11 10:39:09.970]  INFO 14996 --- [tomcat-shutdown] o.s.b.w.e.t.GracefulShutdown             : Graceful shutdown complete
[2025-06-11 10:39:09.971]  INFO 14996 --- [      Thread-65] o.a.c.h.Http11NioProtocol                : Stopping ProtocolHandler ["http-nio-80"]
[2025-06-11 10:39:10.008]  INFO 14996 --- [  restartedMain] k.c.g.SpringProjectApplication           : 스프링 프로젝트가 시작중입니다.
[2025-06-11 10:39:10.037]  INFO 14996 --- [  restartedMain] k.c.g.SpringProjectApplication           : Starting SpringProjectApplication using Java 17.0.12 with PID 14996 (C:\dev\git-workspace\springProject\bin\main started by GR in C:\dev\git-workspace\springProject)
[2025-06-11 10:39:10.037]  INFO 14996 --- [  restartedMain] k.c.g.SpringProjectApplication           : No active profile set, falling back to 1 default profile: "default"
[2025-06-11 10:39:10.258]  INFO 14996 --- [  restartedMain] o.s.b.w.e.t.TomcatWebServer              : Tomcat initialized with port 80 (http)
[2025-06-11 10:39:10.259]  INFO 14996 --- [  restartedMain] o.a.c.h.Http11NioProtocol                : Initializing ProtocolHandler ["http-nio-80"]
[2025-06-11 10:39:10.260]  INFO 14996 --- [  restartedMain] o.a.c.c.StandardService                  : Starting service [Tomcat]
[2025-06-11 10:39:10.260]  INFO 14996 --- [  restartedMain] o.a.c.c.StandardEngine                   : Starting Servlet engine: [Apache Tomcat/10.1.39]
[2025-06-11 10:39:10.270]  INFO 14996 --- [  restartedMain] o.a.c.c.C.[.[.[/]                        : Initializing Spring embedded WebApplicationContext
[2025-06-11 10:39:10.271]  INFO 14996 --- [  restartedMain] w.s.c.ServletWebServerApplicationContext : Root WebApplicationContext: initialization completed in 233 ms
[2025-06-11 10:39:10.338]  WARN 14996 --- [  restartedMain] .s.s.UserDetailsServiceAutoConfiguration : 

Using generated security password: 75a48927-1fa7-40ac-bb1c-b3dbd6986918

This generated password is for development use only. Your security configuration must be updated before running your application in production.

[2025-06-11 10:39:10.339]  INFO 14996 --- [  restartedMain] r$InitializeUserDetailsManagerConfigurer : Global AuthenticationManager configured with UserDetailsService bean with name inMemoryUserDetailsManager
[2025-06-11 10:39:10.423]  INFO 14996 --- [  restartedMain] o.s.b.d.a.OptionalLiveReloadServer       : LiveReload server is running on port 35729
[2025-06-11 10:39:10.431]  INFO 14996 --- [  restartedMain] o.a.c.h.Http11NioProtocol                : Starting ProtocolHandler ["http-nio-80"]
[2025-06-11 10:39:10.433]  INFO 14996 --- [  restartedMain] o.s.b.w.e.t.TomcatWebServer              : Tomcat started on port 80 (http) with context path '/'
[2025-06-11 10:39:10.439]  INFO 14996 --- [  restartedMain] k.c.g.SpringProjectApplication           : Started SpringProjectApplication in 0.429 seconds (process running for 1931.735)
[2025-06-11 10:39:10.440]  INFO 14996 --- [  restartedMain] .ConditionEvaluationDeltaLoggingListener : Condition evaluation unchanged
[2025-06-11 10:39:10.440]  INFO 14996 --- [  restartedMain] k.c.g.SpringProjectApplication           : 스프링 프로젝트가 성공적으로 시작되었습니다.
[2025-06-11 10:39:16.964]  INFO 14996 --- [   File Watcher] rtingClassPathChangeChangedEventListener : Restarting due to 1 class path change (0 additions, 0 deletions, 1 modification)
[2025-06-11 10:39:16.965]  INFO 14996 --- [      Thread-69] o.s.b.w.e.t.GracefulShutdown             : Commencing graceful shutdown. Waiting for active requests to complete
[2025-06-11 10:39:16.966]  INFO 14996 --- [tomcat-shutdown] o.a.c.h.Http11NioProtocol                : Pausing ProtocolHandler ["http-nio-80"]
[2025-06-11 10:39:17.006]  INFO 14996 --- [tomcat-shutdown] o.s.b.w.e.t.GracefulShutdown             : Graceful shutdown complete
[2025-06-11 10:39:17.007]  INFO 14996 --- [      Thread-69] o.a.c.h.Http11NioProtocol                : Stopping ProtocolHandler ["http-nio-80"]
[2025-06-11 10:39:17.048]  INFO 14996 --- [  restartedMain] k.c.g.SpringProjectApplication           : 스프링 프로젝트가 시작중입니다.
[2025-06-11 10:39:17.082]  INFO 14996 --- [  restartedMain] k.c.g.SpringProjectApplication           : Starting SpringProjectApplication using Java 17.0.12 with PID 14996 (C:\dev\git-workspace\springProject\bin\main started by GR in C:\dev\git-workspace\springProject)
[2025-06-11 10:39:17.082]  INFO 14996 --- [  restartedMain] k.c.g.SpringProjectApplication           : No active profile set, falling back to 1 default profile: "default"
[2025-06-11 10:39:17.342]  INFO 14996 --- [  restartedMain] o.s.b.w.e.t.TomcatWebServer              : Tomcat initialized with port 80 (http)
[2025-06-11 10:39:17.343]  INFO 14996 --- [  restartedMain] o.a.c.h.Http11NioProtocol                : Initializing ProtocolHandler ["http-nio-80"]
[2025-06-11 10:39:17.343]  INFO 14996 --- [  restartedMain] o.a.c.c.StandardService                  : Starting service [Tomcat]
[2025-06-11 10:39:17.343]  INFO 14996 --- [  restartedMain] o.a.c.c.StandardEngine                   : Starting Servlet engine: [Apache Tomcat/10.1.39]
[2025-06-11 10:39:17.354]  INFO 14996 --- [  restartedMain] o.a.c.c.C.[.[.[/]                        : Initializing Spring embedded WebApplicationContext
[2025-06-11 10:39:17.354]  INFO 14996 --- [  restartedMain] w.s.c.ServletWebServerApplicationContext : Root WebApplicationContext: initialization completed in 270 ms
[2025-06-11 10:39:17.430]  WARN 14996 --- [  restartedMain] .s.s.UserDetailsServiceAutoConfiguration : 

Using generated security password: bb5b4830-5210-4812-bbf7-860cc7a1a62c

This generated password is for development use only. Your security configuration must be updated before running your application in production.

[2025-06-11 10:39:17.431]  INFO 14996 --- [  restartedMain] r$InitializeUserDetailsManagerConfigurer : Global AuthenticationManager configured with UserDetailsService bean with name inMemoryUserDetailsManager
[2025-06-11 10:39:17.523]  INFO 14996 --- [  restartedMain] o.s.b.d.a.OptionalLiveReloadServer       : LiveReload server is running on port 35729
[2025-06-11 10:39:17.531]  INFO 14996 --- [  restartedMain] o.a.c.h.Http11NioProtocol                : Starting ProtocolHandler ["http-nio-80"]
[2025-06-11 10:39:17.534]  INFO 14996 --- [  restartedMain] o.s.b.w.e.t.TomcatWebServer              : Tomcat started on port 80 (http) with context path '/'
[2025-06-11 10:39:17.540]  INFO 14996 --- [  restartedMain] k.c.g.SpringProjectApplication           : Started SpringProjectApplication in 0.489 seconds (process running for 1938.835)
[2025-06-11 10:39:17.541]  INFO 14996 --- [  restartedMain] .ConditionEvaluationDeltaLoggingListener : Condition evaluation unchanged
[2025-06-11 10:39:17.541]  INFO 14996 --- [  restartedMain] k.c.g.SpringProjectApplication           : 스프링 프로젝트가 성공적으로 시작되었습니다.
[2025-06-11 10:39:46.831]  INFO 14996 --- [   File Watcher] rtingClassPathChangeChangedEventListener : Restarting due to 1 class path change (0 additions, 0 deletions, 1 modification)
[2025-06-11 10:39:46.834]  INFO 14996 --- [      Thread-73] o.s.b.w.e.t.GracefulShutdown             : Commencing graceful shutdown. Waiting for active requests to complete
[2025-06-11 10:39:46.835]  INFO 14996 --- [tomcat-shutdown] o.a.c.h.Http11NioProtocol                : Pausing ProtocolHandler ["http-nio-80"]
[2025-06-11 10:39:46.898]  INFO 14996 --- [tomcat-shutdown] o.s.b.w.e.t.GracefulShutdown             : Graceful shutdown complete
[2025-06-11 10:39:46.899]  INFO 14996 --- [      Thread-73] o.a.c.h.Http11NioProtocol                : Stopping ProtocolHandler ["http-nio-80"]
[2025-06-11 10:39:46.934]  INFO 14996 --- [  restartedMain] k.c.g.SpringProjectApplication           : 스프링 프로젝트가 시작중입니다.
[2025-06-11 10:39:46.962]  INFO 14996 --- [  restartedMain] k.c.g.SpringProjectApplication           : Starting SpringProjectApplication using Java 17.0.12 with PID 14996 (C:\dev\git-workspace\springProject\bin\main started by GR in C:\dev\git-workspace\springProject)
[2025-06-11 10:39:46.963]  INFO 14996 --- [  restartedMain] k.c.g.SpringProjectApplication           : No active profile set, falling back to 1 default profile: "default"
[2025-06-11 10:39:47.178]  INFO 14996 --- [  restartedMain] o.s.b.w.e.t.TomcatWebServer              : Tomcat initialized with port 80 (http)
[2025-06-11 10:39:47.179]  INFO 14996 --- [  restartedMain] o.a.c.h.Http11NioProtocol                : Initializing ProtocolHandler ["http-nio-80"]
[2025-06-11 10:39:47.179]  INFO 14996 --- [  restartedMain] o.a.c.c.StandardService                  : Starting service [Tomcat]
[2025-06-11 10:39:47.179]  INFO 14996 --- [  restartedMain] o.a.c.c.StandardEngine                   : Starting Servlet engine: [Apache Tomcat/10.1.39]
[2025-06-11 10:39:47.189]  INFO 14996 --- [  restartedMain] o.a.c.c.C.[.[.[/]                        : Initializing Spring embedded WebApplicationContext
[2025-06-11 10:39:47.189]  INFO 14996 --- [  restartedMain] w.s.c.ServletWebServerApplicationContext : Root WebApplicationContext: initialization completed in 225 ms
[2025-06-11 10:39:47.260]  WARN 14996 --- [  restartedMain] .s.s.UserDetailsServiceAutoConfiguration : 

Using generated security password: f495ed57-3c83-4d28-8377-87096ac1b821

This generated password is for development use only. Your security configuration must be updated before running your application in production.

[2025-06-11 10:39:47.260]  INFO 14996 --- [  restartedMain] r$InitializeUserDetailsManagerConfigurer : Global AuthenticationManager configured with UserDetailsService bean with name inMemoryUserDetailsManager
[2025-06-11 10:39:47.345]  INFO 14996 --- [  restartedMain] o.s.b.d.a.OptionalLiveReloadServer       : LiveReload server is running on port 35729
[2025-06-11 10:39:47.352]  INFO 14996 --- [  restartedMain] o.a.c.h.Http11NioProtocol                : Starting ProtocolHandler ["http-nio-80"]
[2025-06-11 10:39:47.355]  INFO 14996 --- [  restartedMain] o.s.b.w.e.t.TomcatWebServer              : Tomcat started on port 80 (http) with context path '/'
[2025-06-11 10:39:47.360]  INFO 14996 --- [  restartedMain] k.c.g.SpringProjectApplication           : Started SpringProjectApplication in 0.424 seconds (process running for 1968.655)
[2025-06-11 10:39:47.362]  INFO 14996 --- [  restartedMain] .ConditionEvaluationDeltaLoggingListener : Condition evaluation unchanged
[2025-06-11 10:39:47.362]  INFO 14996 --- [  restartedMain] k.c.g.SpringProjectApplication           : 스프링 프로젝트가 성공적으로 시작되었습니다.
