[2025-06-11 10:04:51.781]  INFO 11648 --- [   File Watcher] rtingClassPathChangeChangedEventListener : Restarting due to 2 class path changes (0 additions, 0 deletions, 2 modifications)
[2025-06-11 10:04:51.793]  INFO 11648 --- [       Thread-7] o.s.b.w.e.t.GracefulShutdown             : Commencing graceful shutdown. Waiting for active requests to complete
[2025-06-11 10:04:51.795]  INFO 11648 --- [tomcat-shutdown] o.a.c.h.Http11NioProtocol                : Pausing ProtocolHandler ["http-nio-80"]
[2025-06-11 10:04:51.860]  INFO 11648 --- [tomcat-shutdown] o.s.b.w.e.t.GracefulShutdown             : Graceful shutdown complete
[2025-06-11 10:04:51.861]  INFO 11648 --- [       Thread-7] o.a.c.h.Http11NioProtocol                : Stopping ProtocolHandler ["http-nio-80"]
[2025-06-11 10:04:51.865]  INFO 11648 --- [       Thread-7] c.z.h.HikariDataSource                   : HikariPool-1 - Shutdown initiated...
[2025-06-11 10:04:51.877]  INFO 11648 --- [       Thread-7] c.z.h.HikariDataSource                   : HikariPool-1 - Shutdown completed.
[2025-06-11 10:04:51.920]  INFO 11648 --- [  restartedMain] k.c.g.SpringProjectApplication           : 스프링 프로젝트가 시작중입니다.
[2025-06-11 10:04:51.969]  INFO 11648 --- [  restartedMain] k.c.g.SpringProjectApplication           : Starting SpringProjectApplication using Java 17.0.12 with PID 11648 (C:\dev\git-workspace\springProject\bin\main started by GR in C:\dev\git-workspace\springProject)
[2025-06-11 10:04:51.970]  INFO 11648 --- [  restartedMain] k.c.g.SpringProjectApplication           : No active profile set, falling back to 1 default profile: "default"
[2025-06-11 10:04:52.242]  INFO 11648 --- [  restartedMain] o.s.b.w.e.t.TomcatWebServer              : Tomcat initialized with port 80 (http)
[2025-06-11 10:04:52.244]  INFO 11648 --- [  restartedMain] o.a.c.h.Http11NioProtocol                : Initializing ProtocolHandler ["http-nio-80"]
[2025-06-11 10:04:52.244]  INFO 11648 --- [  restartedMain] o.a.c.c.StandardService                  : Starting service [Tomcat]
[2025-06-11 10:04:52.244]  INFO 11648 --- [  restartedMain] o.a.c.c.StandardEngine                   : Starting Servlet engine: [Apache Tomcat/10.1.39]
[2025-06-11 10:04:52.256]  INFO 11648 --- [  restartedMain] o.a.c.c.C.[.[.[/]                        : Initializing Spring embedded WebApplicationContext
[2025-06-11 10:04:52.257]  INFO 11648 --- [  restartedMain] w.s.c.ServletWebServerApplicationContext : Root WebApplicationContext: initialization completed in 285 ms
[2025-06-11 10:04:52.364]  WARN 11648 --- [  restartedMain] .s.s.UserDetailsServiceAutoConfiguration : 

Using generated security password: 321d7420-e12f-4724-8805-1aa87baebb71

This generated password is for development use only. Your security configuration must be updated before running your application in production.

[2025-06-11 10:04:52.365]  INFO 11648 --- [  restartedMain] r$InitializeUserDetailsManagerConfigurer : Global AuthenticationManager configured with UserDetailsService bean with name inMemoryUserDetailsManager
[2025-06-11 10:04:52.499]  INFO 11648 --- [  restartedMain] o.s.b.d.a.OptionalLiveReloadServer       : LiveReload server is running on port 35729
[2025-06-11 10:04:52.507]  INFO 11648 --- [  restartedMain] o.a.c.h.Http11NioProtocol                : Starting ProtocolHandler ["http-nio-80"]
[2025-06-11 10:04:52.510]  INFO 11648 --- [  restartedMain] o.s.b.w.e.t.TomcatWebServer              : Tomcat started on port 80 (http) with context path '/'
[2025-06-11 10:04:52.517]  INFO 11648 --- [  restartedMain] k.c.g.SpringProjectApplication           : Started SpringProjectApplication in 0.593 seconds (process running for 439.953)
[2025-06-11 10:04:52.518]  INFO 11648 --- [  restartedMain] .ConditionEvaluationDeltaLoggingListener : Condition evaluation unchanged
[2025-06-11 10:04:52.518]  INFO 11648 --- [  restartedMain] k.c.g.SpringProjectApplication           : 스프링 프로젝트가 성공적으로 시작되었습니다.
