[2025-06-11 10:34:55.531]  INFO 14996 --- [   File Watcher] rtingClassPathChangeChangedEventListener : Restarting due to 3 class path changes (1 addition, 1 deletion, 1 modification)
[2025-06-11 10:34:55.544]  INFO 14996 --- [      Thread-33] o.s.b.w.e.t.GracefulShutdown             : Commencing graceful shutdown. Waiting for active requests to complete
[2025-06-11 10:34:55.547]  INFO 14996 --- [tomcat-shutdown] o.a.c.h.Http11NioProtocol                : Pausing ProtocolHandler ["http-nio-80"]
[2025-06-11 10:34:55.616]  INFO 14996 --- [tomcat-shutdown] o.s.b.w.e.t.GracefulShutdown             : Graceful shutdown complete
[2025-06-11 10:34:55.617]  INFO 14996 --- [      Thread-33] o.a.c.h.Http11NioProtocol                : Stopping ProtocolHandler ["http-nio-80"]
[2025-06-11 10:34:55.651]  INFO 14996 --- [  restartedMain] k.c.g.SpringProjectApplication           : 스프링 프로젝트가 시작중입니다.
[2025-06-11 10:34:55.686]  INFO 14996 --- [  restartedMain] k.c.g.SpringProjectApplication           : Starting SpringProjectApplication using Java 17.0.12 with PID 14996 (C:\dev\git-workspace\springProject\bin\main started by GR in C:\dev\git-workspace\springProject)
[2025-06-11 10:34:55.686]  INFO 14996 --- [  restartedMain] k.c.g.SpringProjectApplication           : No active profile set, falling back to 1 default profile: "default"
[2025-06-11 10:34:55.936]  INFO 14996 --- [  restartedMain] o.s.b.w.e.t.TomcatWebServer              : Tomcat initialized with port 80 (http)
[2025-06-11 10:34:55.937]  INFO 14996 --- [  restartedMain] o.a.c.h.Http11NioProtocol                : Initializing ProtocolHandler ["http-nio-80"]
[2025-06-11 10:34:55.937]  INFO 14996 --- [  restartedMain] o.a.c.c.StandardService                  : Starting service [Tomcat]
[2025-06-11 10:34:55.937]  INFO 14996 --- [  restartedMain] o.a.c.c.StandardEngine                   : Starting Servlet engine: [Apache Tomcat/10.1.39]
[2025-06-11 10:34:55.947]  INFO 14996 --- [  restartedMain] o.a.c.c.C.[.[.[/]                        : Initializing Spring embedded WebApplicationContext
[2025-06-11 10:34:55.947]  INFO 14996 --- [  restartedMain] w.s.c.ServletWebServerApplicationContext : Root WebApplicationContext: initialization completed in 259 ms
[2025-06-11 10:34:56.023]  WARN 14996 --- [  restartedMain] .s.s.UserDetailsServiceAutoConfiguration : 

Using generated security password: 0341fbf1-cde0-47d6-b88c-e7b8e9621743

This generated password is for development use only. Your security configuration must be updated before running your application in production.

[2025-06-11 10:34:56.024]  INFO 14996 --- [  restartedMain] r$InitializeUserDetailsManagerConfigurer : Global AuthenticationManager configured with UserDetailsService bean with name inMemoryUserDetailsManager
[2025-06-11 10:34:56.137]  INFO 14996 --- [  restartedMain] o.s.b.d.a.OptionalLiveReloadServer       : LiveReload server is running on port 35729
[2025-06-11 10:34:56.146]  INFO 14996 --- [  restartedMain] o.a.c.h.Http11NioProtocol                : Starting ProtocolHandler ["http-nio-80"]
[2025-06-11 10:34:56.148]  INFO 14996 --- [  restartedMain] o.s.b.w.e.t.TomcatWebServer              : Tomcat started on port 80 (http) with context path '/'
[2025-06-11 10:34:56.154]  INFO 14996 --- [  restartedMain] k.c.g.SpringProjectApplication           : Started SpringProjectApplication in 0.501 seconds (process running for 1677.452)
[2025-06-11 10:34:56.156]  INFO 14996 --- [  restartedMain] .ConditionEvaluationDeltaLoggingListener : Condition evaluation unchanged
[2025-06-11 10:34:56.157]  INFO 14996 --- [  restartedMain] k.c.g.SpringProjectApplication           : 스프링 프로젝트가 성공적으로 시작되었습니다.
