[2025-06-10 10:34:19.277]  INFO 11508 --- [   File Watcher] rtingClassPathChangeChangedEventListener : Restarting due to 1 class path change (0 additions, 0 deletions, 1 modification)
[2025-06-10 10:34:19.284]  INFO 11508 --- [      Thread-23] o.s.b.w.e.t.GracefulShutdown             : Commencing graceful shutdown. Waiting for active requests to complete
[2025-06-10 10:34:19.286]  INFO 11508 --- [tomcat-shutdown] o.a.c.h.Http11NioProtocol                : Pausing ProtocolHandler ["http-nio-80"]
[2025-06-10 10:34:19.342]  INFO 11508 --- [tomcat-shutdown] o.s.b.w.e.t.GracefulShutdown             : Graceful shutdown complete
[2025-06-10 10:34:19.342]  INFO 11508 --- [      Thread-23] o.a.c.h.Http11NioProtocol                : Stopping ProtocolHandler ["http-nio-80"]
[2025-06-10 10:34:19.380]  INFO 11508 --- [  restartedMain] k.c.g.SpringProjectApplication           : 스프링 프로젝트가 시작중입니다.
[2025-06-10 10:34:19.415]  INFO 11508 --- [  restartedMain] k.c.g.SpringProjectApplication           : Starting SpringProjectApplication using Java 17.0.12 with PID 11508 (C:\dev\git-workspace\springProject\bin\main started by GR in C:\dev\git-workspace\springProject)
[2025-06-10 10:34:19.416]  INFO 11508 --- [  restartedMain] k.c.g.SpringProjectApplication           : No active profile set, falling back to 1 default profile: "default"
[2025-06-10 10:34:19.620]  INFO 11508 --- [  restartedMain] o.s.b.w.e.t.TomcatWebServer              : Tomcat initialized with port 80 (http)
[2025-06-10 10:34:19.621]  INFO 11508 --- [  restartedMain] o.a.c.h.Http11NioProtocol                : Initializing ProtocolHandler ["http-nio-80"]
[2025-06-10 10:34:19.622]  INFO 11508 --- [  restartedMain] o.a.c.c.StandardService                  : Starting service [Tomcat]
[2025-06-10 10:34:19.622]  INFO 11508 --- [  restartedMain] o.a.c.c.StandardEngine                   : Starting Servlet engine: [Apache Tomcat/10.1.39]
[2025-06-10 10:34:19.631]  INFO 11508 --- [  restartedMain] o.a.c.c.C.[.[.[/]                        : Initializing Spring embedded WebApplicationContext
[2025-06-10 10:34:19.631]  INFO 11508 --- [  restartedMain] w.s.c.ServletWebServerApplicationContext : Root WebApplicationContext: initialization completed in 214 ms
[2025-06-10 10:34:19.689]  WARN 11508 --- [  restartedMain] .s.s.UserDetailsServiceAutoConfiguration : 

Using generated security password: b3cbd9c5-a7af-44b3-b283-842a054c6ced

This generated password is for development use only. Your security configuration must be updated before running your application in production.

[2025-06-10 10:34:19.690]  INFO 11508 --- [  restartedMain] r$InitializeUserDetailsManagerConfigurer : Global AuthenticationManager configured with UserDetailsService bean with name inMemoryUserDetailsManager
[2025-06-10 10:34:19.775]  INFO 11508 --- [  restartedMain] o.s.b.d.a.OptionalLiveReloadServer       : LiveReload server is running on port 35729
[2025-06-10 10:34:19.782]  INFO 11508 --- [  restartedMain] o.a.c.h.Http11NioProtocol                : Starting ProtocolHandler ["http-nio-80"]
[2025-06-10 10:34:19.784]  INFO 11508 --- [  restartedMain] o.s.b.w.e.t.TomcatWebServer              : Tomcat started on port 80 (http) with context path '/'
[2025-06-10 10:34:19.789]  INFO 11508 --- [  restartedMain] k.c.g.SpringProjectApplication           : Started SpringProjectApplication in 0.406 seconds (process running for 343.245)
[2025-06-10 10:34:19.791]  INFO 11508 --- [  restartedMain] .ConditionEvaluationDeltaLoggingListener : Condition evaluation unchanged
[2025-06-10 10:34:19.791]  INFO 11508 --- [  restartedMain] k.c.g.SpringProjectApplication           : 스프링 프로젝트가 성공적으로 시작되었습니다.
