[2025-06-10 10:32:04.870]  INFO 11508 --- [   File Watcher] rtingClassPathChangeChangedEventListener : Restarting due to 1 class path change (0 additions, 0 deletions, 1 modification)
[2025-06-10 10:32:04.879]  INFO 11508 --- [      Thread-11] o.s.b.w.e.t.GracefulShutdown             : Commencing graceful shutdown. Waiting for active requests to complete
[2025-06-10 10:32:04.881]  INFO 11508 --- [tomcat-shutdown] o.a.c.h.Http11NioProtocol                : Pausing ProtocolHandler ["http-nio-80"]
[2025-06-10 10:32:04.952]  INFO 11508 --- [tomcat-shutdown] o.s.b.w.e.t.GracefulShutdown             : Graceful shutdown complete
[2025-06-10 10:32:04.952]  INFO 11508 --- [      Thread-11] o.a.c.h.Http11NioProtocol                : Stopping ProtocolHandler ["http-nio-80"]
[2025-06-10 10:32:04.992]  INFO 11508 --- [  restartedMain] k.c.g.SpringProjectApplication           : 스프링 프로젝트가 시작중입니다.
[2025-06-10 10:32:05.029]  INFO 11508 --- [  restartedMain] k.c.g.SpringProjectApplication           : Starting SpringProjectApplication using Java 17.0.12 with PID 11508 (C:\dev\git-workspace\springProject\bin\main started by GR in C:\dev\git-workspace\springProject)
[2025-06-10 10:32:05.030]  INFO 11508 --- [  restartedMain] k.c.g.SpringProjectApplication           : No active profile set, falling back to 1 default profile: "default"
[2025-06-10 10:32:05.244]  INFO 11508 --- [  restartedMain] o.s.b.w.e.t.TomcatWebServer              : Tomcat initialized with port 80 (http)
[2025-06-10 10:32:05.245]  INFO 11508 --- [  restartedMain] o.a.c.h.Http11NioProtocol                : Initializing ProtocolHandler ["http-nio-80"]
[2025-06-10 10:32:05.245]  INFO 11508 --- [  restartedMain] o.a.c.c.StandardService                  : Starting service [Tomcat]
[2025-06-10 10:32:05.246]  INFO 11508 --- [  restartedMain] o.a.c.c.StandardEngine                   : Starting Servlet engine: [Apache Tomcat/10.1.39]
[2025-06-10 10:32:05.256]  INFO 11508 --- [  restartedMain] o.a.c.c.C.[.[.[/]                        : Initializing Spring embedded WebApplicationContext
[2025-06-10 10:32:05.256]  INFO 11508 --- [  restartedMain] w.s.c.ServletWebServerApplicationContext : Root WebApplicationContext: initialization completed in 225 ms
[2025-06-10 10:32:05.317]  WARN 11508 --- [  restartedMain] .s.s.UserDetailsServiceAutoConfiguration : 

Using generated security password: c6562e9e-71ee-4cd5-9c77-bce13c429733

This generated password is for development use only. Your security configuration must be updated before running your application in production.

[2025-06-10 10:32:05.318]  INFO 11508 --- [  restartedMain] r$InitializeUserDetailsManagerConfigurer : Global AuthenticationManager configured with UserDetailsService bean with name inMemoryUserDetailsManager
[2025-06-10 10:32:05.405]  INFO 11508 --- [  restartedMain] o.s.b.d.a.OptionalLiveReloadServer       : LiveReload server is running on port 35729
[2025-06-10 10:32:05.412]  INFO 11508 --- [  restartedMain] o.a.c.h.Http11NioProtocol                : Starting ProtocolHandler ["http-nio-80"]
[2025-06-10 10:32:05.414]  INFO 11508 --- [  restartedMain] o.s.b.w.e.t.TomcatWebServer              : Tomcat started on port 80 (http) with context path '/'
[2025-06-10 10:32:05.420]  INFO 11508 --- [  restartedMain] k.c.g.SpringProjectApplication           : Started SpringProjectApplication in 0.426 seconds (process running for 208.868)
[2025-06-10 10:32:05.422]  INFO 11508 --- [  restartedMain] .ConditionEvaluationDeltaLoggingListener : Condition evaluation unchanged
[2025-06-10 10:32:05.422]  INFO 11508 --- [  restartedMain] k.c.g.SpringProjectApplication           : 스프링 프로젝트가 성공적으로 시작되었습니다.
