[2025-06-11 09:43:44.469]  INFO 5368 --- [   File Watcher] rtingClassPathChangeChangedEventListener : Restarting due to 2 class path changes (1 addition, 0 deletions, 1 modification)
[2025-06-11 09:43:44.479]  INFO 5368 --- [     Thread-101] o.s.b.w.e.t.GracefulShutdown             : Commencing graceful shutdown. Waiting for active requests to complete
[2025-06-11 09:43:44.481]  INFO 5368 --- [tomcat-shutdown] o.a.c.h.Http11NioProtocol                : Pausing ProtocolHandler ["http-nio-80"]
[2025-06-11 09:43:44.561]  INFO 5368 --- [tomcat-shutdown] o.s.b.w.e.t.GracefulShutdown             : Graceful shutdown complete
[2025-06-11 09:43:44.561]  INFO 5368 --- [     Thread-101] o.a.c.h.Http11NioProtocol                : Stopping ProtocolHandler ["http-nio-80"]
[2025-06-11 09:43:44.603]  INFO 5368 --- [  restartedMain] k.c.g.SpringProjectApplication           : 스프링 프로젝트가 시작중입니다.
[2025-06-11 09:43:44.634]  INFO 5368 --- [  restartedMain] k.c.g.SpringProjectApplication           : Starting SpringProjectApplication using Java 17.0.12 with PID 5368 (C:\dev\git-workspace\springProject\bin\main started by GR in C:\dev\git-workspace\springProject)
[2025-06-11 09:43:44.634]  INFO 5368 --- [  restartedMain] k.c.g.SpringProjectApplication           : No active profile set, falling back to 1 default profile: "default"
[2025-06-11 09:43:44.879]  INFO 5368 --- [  restartedMain] o.s.b.w.e.t.TomcatWebServer              : Tomcat initialized with port 80 (http)
[2025-06-11 09:43:44.880]  INFO 5368 --- [  restartedMain] o.a.c.h.Http11NioProtocol                : Initializing ProtocolHandler ["http-nio-80"]
[2025-06-11 09:43:44.880]  INFO 5368 --- [  restartedMain] o.a.c.c.StandardService                  : Starting service [Tomcat]
[2025-06-11 09:43:44.880]  INFO 5368 --- [  restartedMain] o.a.c.c.StandardEngine                   : Starting Servlet engine: [Apache Tomcat/10.1.39]
[2025-06-11 09:43:44.890]  INFO 5368 --- [  restartedMain] o.a.c.c.C.[.[.[/]                        : Initializing Spring embedded WebApplicationContext
[2025-06-11 09:43:44.890]  INFO 5368 --- [  restartedMain] w.s.c.ServletWebServerApplicationContext : Root WebApplicationContext: initialization completed in 254 ms
[2025-06-11 09:43:44.966]  WARN 5368 --- [  restartedMain] .s.s.UserDetailsServiceAutoConfiguration : 

Using generated security password: e950ab93-953a-473b-b0ff-636f73ee974a

This generated password is for development use only. Your security configuration must be updated before running your application in production.

[2025-06-11 09:43:44.967]  INFO 5368 --- [  restartedMain] r$InitializeUserDetailsManagerConfigurer : Global AuthenticationManager configured with UserDetailsService bean with name inMemoryUserDetailsManager
[2025-06-11 09:43:45.084]  INFO 5368 --- [  restartedMain] o.s.b.d.a.OptionalLiveReloadServer       : LiveReload server is running on port 35729
[2025-06-11 09:43:45.092]  INFO 5368 --- [  restartedMain] o.a.c.h.Http11NioProtocol                : Starting ProtocolHandler ["http-nio-80"]
[2025-06-11 09:43:45.095]  INFO 5368 --- [  restartedMain] o.s.b.w.e.t.TomcatWebServer              : Tomcat started on port 80 (http) with context path '/'
[2025-06-11 09:43:45.101]  INFO 5368 --- [  restartedMain] k.c.g.SpringProjectApplication           : Started SpringProjectApplication in 0.496 seconds (process running for 2226.845)
[2025-06-11 09:43:45.103]  INFO 5368 --- [  restartedMain] .ConditionEvaluationDeltaLoggingListener : Condition evaluation unchanged
[2025-06-11 09:43:45.103]  INFO 5368 --- [  restartedMain] k.c.g.SpringProjectApplication           : 스프링 프로젝트가 성공적으로 시작되었습니다.
[2025-06-11 09:43:55.271]  INFO 5368 --- [   File Watcher] rtingClassPathChangeChangedEventListener : Restarting due to 2 class path changes (0 additions, 0 deletions, 2 modifications)
[2025-06-11 09:43:55.273]  INFO 5368 --- [     Thread-105] o.s.b.w.e.t.GracefulShutdown             : Commencing graceful shutdown. Waiting for active requests to complete
[2025-06-11 09:43:55.273]  INFO 5368 --- [tomcat-shutdown] o.a.c.h.Http11NioProtocol                : Pausing ProtocolHandler ["http-nio-80"]
[2025-06-11 09:43:55.317]  INFO 5368 --- [tomcat-shutdown] o.s.b.w.e.t.GracefulShutdown             : Graceful shutdown complete
[2025-06-11 09:43:55.317]  INFO 5368 --- [     Thread-105] o.a.c.h.Http11NioProtocol                : Stopping ProtocolHandler ["http-nio-80"]
[2025-06-11 09:43:55.370]  INFO 5368 --- [  restartedMain] k.c.g.SpringProjectApplication           : 스프링 프로젝트가 시작중입니다.
[2025-06-11 09:43:55.399]  INFO 5368 --- [  restartedMain] k.c.g.SpringProjectApplication           : Starting SpringProjectApplication using Java 17.0.12 with PID 5368 (C:\dev\git-workspace\springProject\bin\main started by GR in C:\dev\git-workspace\springProject)
[2025-06-11 09:43:55.399]  INFO 5368 --- [  restartedMain] k.c.g.SpringProjectApplication           : No active profile set, falling back to 1 default profile: "default"
[2025-06-11 09:43:55.626]  INFO 5368 --- [  restartedMain] o.s.b.w.e.t.TomcatWebServer              : Tomcat initialized with port 80 (http)
[2025-06-11 09:43:55.627]  INFO 5368 --- [  restartedMain] o.a.c.h.Http11NioProtocol                : Initializing ProtocolHandler ["http-nio-80"]
[2025-06-11 09:43:55.627]  INFO 5368 --- [  restartedMain] o.a.c.c.StandardService                  : Starting service [Tomcat]
[2025-06-11 09:43:55.627]  INFO 5368 --- [  restartedMain] o.a.c.c.StandardEngine                   : Starting Servlet engine: [Apache Tomcat/10.1.39]
[2025-06-11 09:43:55.637]  INFO 5368 --- [  restartedMain] o.a.c.c.C.[.[.[/]                        : Initializing Spring embedded WebApplicationContext
[2025-06-11 09:43:55.637]  INFO 5368 --- [  restartedMain] w.s.c.ServletWebServerApplicationContext : Root WebApplicationContext: initialization completed in 237 ms
[2025-06-11 09:43:55.704]  WARN 5368 --- [  restartedMain] .s.s.UserDetailsServiceAutoConfiguration : 

Using generated security password: ffe54e2d-aae1-4a43-bd7e-505ec4e2681f

This generated password is for development use only. Your security configuration must be updated before running your application in production.

[2025-06-11 09:43:55.704]  INFO 5368 --- [  restartedMain] r$InitializeUserDetailsManagerConfigurer : Global AuthenticationManager configured with UserDetailsService bean with name inMemoryUserDetailsManager
[2025-06-11 09:43:55.794]  INFO 5368 --- [  restartedMain] o.s.b.d.a.OptionalLiveReloadServer       : LiveReload server is running on port 35729
[2025-06-11 09:43:55.801]  INFO 5368 --- [  restartedMain] o.a.c.h.Http11NioProtocol                : Starting ProtocolHandler ["http-nio-80"]
[2025-06-11 09:43:55.803]  INFO 5368 --- [  restartedMain] o.s.b.w.e.t.TomcatWebServer              : Tomcat started on port 80 (http) with context path '/'
[2025-06-11 09:43:55.808]  INFO 5368 --- [  restartedMain] k.c.g.SpringProjectApplication           : Started SpringProjectApplication in 0.436 seconds (process running for 2237.552)
[2025-06-11 09:43:55.809]  INFO 5368 --- [  restartedMain] .ConditionEvaluationDeltaLoggingListener : Condition evaluation unchanged
[2025-06-11 09:43:55.809]  INFO 5368 --- [  restartedMain] k.c.g.SpringProjectApplication           : 스프링 프로젝트가 성공적으로 시작되었습니다.
