[2025-06-10 11:36:46.756]  INFO ${sys:PID} --- [           main] t.c.s.AnnotationConfigContextLoaderUtils : Could not detect default configuration classes for test class [kr.co.green.member.MemberRegisterTest]: MemberRegisterTest does not declare any static, non-private, non-final, nested classes annotated with @Configuration.
[2025-06-10 11:36:46.912]  INFO ${sys:PID} --- [           main] .b.t.c.SpringBootTestContextBootstrapper : Found @SpringBootConfiguration kr.co.green.SpringProjectApplication for test class kr.co.green.member.MemberRegisterTest
[2025-06-10 11:36:47.043]  INFO ${sys:PID} --- [           main] o.s.b.d.r.RestartApplicationListener     : Restart disabled due to context in which it is running
[2025-06-10 11:36:47.260]  INFO 11324 --- [kground-preinit] o.h.v.i.u.Version                        : HV000001: Hibernate Validator 8.0.2.Final
[2025-06-10 11:36:47.308]  INFO 11324 --- [           main] k.c.g.m.MemberRegisterTest               : Starting MemberRegisterTest using Java 17.0.12 with PID 11324 (started by GR in C:\dev\git-workspace\springProject)
[2025-06-10 11:36:47.312]  INFO 11324 --- [           main] k.c.g.m.MemberRegisterTest               : No active profile set, falling back to 1 default profile: "default"
[2025-06-10 11:36:48.908]  WARN 11324 --- [           main] .s.s.UserDetailsServiceAutoConfiguration : 

Using generated security password: 6a60ba05-60d4-43ca-b79c-62fb8054420c

This generated password is for development use only. Your security configuration must be updated before running your application in production.

[2025-06-10 11:36:48.915]  INFO 11324 --- [           main] r$InitializeUserDetailsManagerConfigurer : Global AuthenticationManager configured with UserDetailsService bean with name inMemoryUserDetailsManager
[2025-06-10 11:36:49.555]  INFO 11324 --- [           main] o.s.b.t.m.w.SpringBootMockServletContext : Initializing Spring TestDispatcherServlet ''
[2025-06-10 11:36:49.556]  INFO 11324 --- [           main] o.s.t.w.s.TestDispatcherServlet          : Initializing Servlet ''
[2025-06-10 11:36:49.557]  INFO 11324 --- [           main] o.s.t.w.s.TestDispatcherServlet          : Completed initialization in 1 ms
[2025-06-10 11:36:49.590]  INFO 11324 --- [           main] k.c.g.m.MemberRegisterTest               : Started MemberRegisterTest in 2.556 seconds (process running for 3.854)
[2025-06-10 11:36:49.622]  INFO 11324 --- [           main] c.z.h.HikariDataSource                   : HikariPool-1 - Starting...
[2025-06-10 11:36:49.627]  WARN 11324 --- [           main] c.z.h.u.DriverDataSource                 : Registered driver with driverClassName=oracle.jdbc.driver.OracleDriver was not found, trying direct instantiation.
[2025-06-10 11:36:49.971]  INFO 11324 --- [           main] c.z.h.p.HikariPool                       : HikariPool-1 - Added connection oracle.jdbc.driver.T4CConnection@7bda01da
[2025-06-10 11:36:49.973]  INFO 11324 --- [           main] c.z.h.HikariDataSource                   : HikariPool-1 - Start completed.
[2025-06-10 11:36:51.463]  INFO 11324 --- [ionShutdownHook] c.z.h.HikariDataSource                   : HikariPool-1 - Shutdown initiated...
[2025-06-10 11:36:51.478]  INFO 11324 --- [ionShutdownHook] c.z.h.HikariDataSource                   : HikariPool-1 - Shutdown completed.
