[2025-06-11 10:36:22.829]  INFO 14996 --- [p-nio-80-exec-1] o.a.c.c.C.[.[.[/]                        : Initializing Spring DispatcherServlet 'dispatcherServlet'
[2025-06-11 10:36:22.832]  INFO 14996 --- [p-nio-80-exec-1] o.s.w.s.DispatcherServlet                : Initializing Servlet 'dispatcherServlet'
[2025-06-11 10:36:22.833]  INFO 14996 --- [p-nio-80-exec-1] o.s.w.s.DispatcherServlet                : Completed initialization in 1 ms
[2025-06-11 10:36:40.256]  INFO 14996 --- [   File Watcher] rtingClassPathChangeChangedEventListener : Restarting due to 1 class path change (1 addition, 0 deletions, 0 modifications)
[2025-06-11 10:36:40.259]  INFO 14996 --- [      Thread-37] o.s.b.w.e.t.GracefulShutdown             : Commencing graceful shutdown. Waiting for active requests to complete
[2025-06-11 10:36:40.260]  INFO 14996 --- [tomcat-shutdown] o.a.c.h.Http11NioProtocol                : Pausing ProtocolHandler ["http-nio-80"]
[2025-06-11 10:36:40.369]  INFO 14996 --- [tomcat-shutdown] o.s.b.w.e.t.GracefulShutdown             : Graceful shutdown complete
[2025-06-11 10:36:40.369]  INFO 14996 --- [      Thread-37] o.a.c.h.Http11NioProtocol                : Stopping ProtocolHandler ["http-nio-80"]
[2025-06-11 10:36:40.414]  INFO 14996 --- [  restartedMain] k.c.g.SpringProjectApplication           : 스프링 프로젝트가 시작중입니다.
[2025-06-11 10:36:40.442]  INFO 14996 --- [  restartedMain] k.c.g.SpringProjectApplication           : Starting SpringProjectApplication using Java 17.0.12 with PID 14996 (C:\dev\git-workspace\springProject\bin\main started by GR in C:\dev\git-workspace\springProject)
[2025-06-11 10:36:40.443]  INFO 14996 --- [  restartedMain] k.c.g.SpringProjectApplication           : No active profile set, falling back to 1 default profile: "default"
[2025-06-11 10:36:40.670]  INFO 14996 --- [  restartedMain] o.s.b.w.e.t.TomcatWebServer              : Tomcat initialized with port 80 (http)
[2025-06-11 10:36:40.671]  INFO 14996 --- [  restartedMain] o.a.c.h.Http11NioProtocol                : Initializing ProtocolHandler ["http-nio-80"]
[2025-06-11 10:36:40.672]  INFO 14996 --- [  restartedMain] o.a.c.c.StandardService                  : Starting service [Tomcat]
[2025-06-11 10:36:40.672]  INFO 14996 --- [  restartedMain] o.a.c.c.StandardEngine                   : Starting Servlet engine: [Apache Tomcat/10.1.39]
[2025-06-11 10:36:40.682]  INFO 14996 --- [  restartedMain] o.a.c.c.C.[.[.[/]                        : Initializing Spring embedded WebApplicationContext
[2025-06-11 10:36:40.682]  INFO 14996 --- [  restartedMain] w.s.c.ServletWebServerApplicationContext : Root WebApplicationContext: initialization completed in 238 ms
[2025-06-11 10:36:40.756]  WARN 14996 --- [  restartedMain] .s.s.UserDetailsServiceAutoConfiguration : 

Using generated security password: 734e3c22-f0ee-4e88-adea-46470369a661

This generated password is for development use only. Your security configuration must be updated before running your application in production.

[2025-06-11 10:36:40.756]  INFO 14996 --- [  restartedMain] r$InitializeUserDetailsManagerConfigurer : Global AuthenticationManager configured with UserDetailsService bean with name inMemoryUserDetailsManager
[2025-06-11 10:36:40.847]  INFO 14996 --- [  restartedMain] o.s.b.d.a.OptionalLiveReloadServer       : LiveReload server is running on port 35729
[2025-06-11 10:36:40.856]  INFO 14996 --- [  restartedMain] o.a.c.h.Http11NioProtocol                : Starting ProtocolHandler ["http-nio-80"]
[2025-06-11 10:36:40.858]  INFO 14996 --- [  restartedMain] o.s.b.w.e.t.TomcatWebServer              : Tomcat started on port 80 (http) with context path '/'
[2025-06-11 10:36:40.864]  INFO 14996 --- [  restartedMain] k.c.g.SpringProjectApplication           : Started SpringProjectApplication in 0.448 seconds (process running for 1782.161)
[2025-06-11 10:36:40.866]  INFO 14996 --- [  restartedMain] .ConditionEvaluationDeltaLoggingListener : Condition evaluation unchanged
[2025-06-11 10:36:40.866]  INFO 14996 --- [  restartedMain] k.c.g.SpringProjectApplication           : 스프링 프로젝트가 성공적으로 시작되었습니다.
