[2025-06-10 11:12:28.821]  INFO ${sys:PID} --- [           main] t.c.s.AnnotationConfigContextLoaderUtils : Could not detect default configuration classes for test class [kr.co.green.member.MemberRegisterTest]: MemberRegisterTest does not declare any static, non-private, non-final, nested classes annotated with @Configuration.
[2025-06-10 11:12:28.963]  INFO ${sys:PID} --- [           main] .b.t.c.SpringBootTestContextBootstrapper : Found @SpringBootConfiguration kr.co.green.SpringProjectApplication for test class kr.co.green.member.MemberRegisterTest
[2025-06-10 11:12:29.091]  INFO ${sys:PID} --- [           main] o.s.b.d.r.RestartApplicationListener     : Restart disabled due to context in which it is running
[2025-06-10 11:12:29.285]  INFO 20040 --- [kground-preinit] o.h.v.i.u.Version                        : HV000001: Hibernate Validator 8.0.2.Final
[2025-06-10 11:12:29.331]  INFO 20040 --- [           main] k.c.g.m.MemberRegisterTest               : Starting MemberRegisterTest using Java 17.0.12 with PID 20040 (started by GR in C:\dev\git-workspace\springProject)
[2025-06-10 11:12:29.340]  INFO 20040 --- [           main] k.c.g.m.MemberRegisterTest               : No active profile set, falling back to 1 default profile: "default"
[2025-06-10 11:12:30.854]  WARN 20040 --- [           main] .s.s.UserDetailsServiceAutoConfiguration : 

Using generated security password: 72913c27-fa3f-4973-b5c7-523e72f0d39a

This generated password is for development use only. Your security configuration must be updated before running your application in production.

[2025-06-10 11:12:30.860]  INFO 20040 --- [           main] r$InitializeUserDetailsManagerConfigurer : Global AuthenticationManager configured with UserDetailsService bean with name inMemoryUserDetailsManager
[2025-06-10 11:12:31.446]  INFO 20040 --- [           main] o.s.b.t.m.w.SpringBootMockServletContext : Initializing Spring TestDispatcherServlet ''
[2025-06-10 11:12:31.446]  INFO 20040 --- [           main] o.s.t.w.s.TestDispatcherServlet          : Initializing Servlet ''
[2025-06-10 11:12:31.448]  INFO 20040 --- [           main] o.s.t.w.s.TestDispatcherServlet          : Completed initialization in 1 ms
[2025-06-10 11:12:31.479]  INFO 20040 --- [           main] k.c.g.m.MemberRegisterTest               : Started MemberRegisterTest in 2.396 seconds (process running for 3.688)
[2025-06-10 11:12:31.512]  INFO 20040 --- [           main] c.z.h.HikariDataSource                   : HikariPool-1 - Starting...
[2025-06-10 11:12:31.517]  WARN 20040 --- [           main] c.z.h.u.DriverDataSource                 : Registered driver with driverClassName=oracle.jdbc.driver.OracleDriver was not found, trying direct instantiation.
[2025-06-10 11:12:31.966]  INFO 20040 --- [           main] c.z.h.p.HikariPool                       : HikariPool-1 - Added connection oracle.jdbc.driver.T4CConnection@75e4fe3c
[2025-06-10 11:12:31.968]  INFO 20040 --- [           main] c.z.h.HikariDataSource                   : HikariPool-1 - Start completed.
[2025-06-10 11:12:33.137]  INFO 20040 --- [ionShutdownHook] c.z.h.HikariDataSource                   : HikariPool-1 - Shutdown initiated...
[2025-06-10 11:12:33.155]  INFO 20040 --- [ionShutdownHook] c.z.h.HikariDataSource                   : HikariPool-1 - Shutdown completed.
