[2025-06-11 10:01:07.450]  INFO 11648 --- [   File Watcher] rtingClassPathChangeChangedEventListener : Restarting due to 1 class path change (0 additions, 0 deletions, 1 modification)
[2025-06-11 10:01:07.471]  INFO 11648 --- [       Thread-5] o.s.b.w.e.t.GracefulShutdown             : Commencing graceful shutdown. Waiting for active requests to complete
[2025-06-11 10:01:07.475]  INFO 11648 --- [tomcat-shutdown] o.a.c.h.Http11NioProtocol                : Pausing ProtocolHandler ["http-nio-80"]
[2025-06-11 10:01:07.528]  INFO 11648 --- [tomcat-shutdown] o.s.b.w.e.t.GracefulShutdown             : Graceful shutdown complete
[2025-06-11 10:01:07.529]  INFO 11648 --- [       Thread-5] o.a.c.h.Http11NioProtocol                : Stopping ProtocolHandler ["http-nio-80"]
[2025-06-11 10:01:07.569]  INFO 11648 --- [  restartedMain] k.c.g.SpringProjectApplication           : 스프링 프로젝트가 시작중입니다.
[2025-06-11 10:01:07.609]  INFO 11648 --- [  restartedMain] k.c.g.SpringProjectApplication           : Starting SpringProjectApplication using Java 17.0.12 with PID 11648 (C:\dev\git-workspace\springProject\bin\main started by GR in C:\dev\git-workspace\springProject)
[2025-06-11 10:01:07.610]  INFO 11648 --- [  restartedMain] k.c.g.SpringProjectApplication           : No active profile set, falling back to 1 default profile: "default"
[2025-06-11 10:01:07.898]  INFO 11648 --- [  restartedMain] o.s.b.w.e.t.TomcatWebServer              : Tomcat initialized with port 80 (http)
[2025-06-11 10:01:07.899]  INFO 11648 --- [  restartedMain] o.a.c.h.Http11NioProtocol                : Initializing ProtocolHandler ["http-nio-80"]
[2025-06-11 10:01:07.900]  INFO 11648 --- [  restartedMain] o.a.c.c.StandardService                  : Starting service [Tomcat]
[2025-06-11 10:01:07.900]  INFO 11648 --- [  restartedMain] o.a.c.c.StandardEngine                   : Starting Servlet engine: [Apache Tomcat/10.1.39]
[2025-06-11 10:01:07.911]  INFO 11648 --- [  restartedMain] o.a.c.c.C.[.[.[/]                        : Initializing Spring embedded WebApplicationContext
[2025-06-11 10:01:07.911]  INFO 11648 --- [  restartedMain] w.s.c.ServletWebServerApplicationContext : Root WebApplicationContext: initialization completed in 300 ms
[2025-06-11 10:01:07.995]  WARN 11648 --- [  restartedMain] .s.s.UserDetailsServiceAutoConfiguration : 

Using generated security password: 117e326f-12d5-4992-b0ba-1bfe143199f8

This generated password is for development use only. Your security configuration must be updated before running your application in production.

[2025-06-11 10:01:07.996]  INFO 11648 --- [  restartedMain] r$InitializeUserDetailsManagerConfigurer : Global AuthenticationManager configured with UserDetailsService bean with name inMemoryUserDetailsManager
[2025-06-11 10:01:08.103]  INFO 11648 --- [  restartedMain] o.s.b.d.a.OptionalLiveReloadServer       : LiveReload server is running on port 35729
[2025-06-11 10:01:08.111]  INFO 11648 --- [  restartedMain] o.a.c.h.Http11NioProtocol                : Starting ProtocolHandler ["http-nio-80"]
[2025-06-11 10:01:08.114]  INFO 11648 --- [  restartedMain] o.s.b.w.e.t.TomcatWebServer              : Tomcat started on port 80 (http) with context path '/'
[2025-06-11 10:01:08.120]  INFO 11648 --- [  restartedMain] k.c.g.SpringProjectApplication           : Started SpringProjectApplication in 0.549 seconds (process running for 215.561)
[2025-06-11 10:01:08.122]  INFO 11648 --- [  restartedMain] .ConditionEvaluationDeltaLoggingListener : Condition evaluation unchanged
[2025-06-11 10:01:08.123]  INFO 11648 --- [  restartedMain] k.c.g.SpringProjectApplication           : 스프링 프로젝트가 성공적으로 시작되었습니다.
[2025-06-11 10:01:08.231]  INFO 11648 --- [p-nio-80-exec-1] o.a.c.c.C.[.[.[/]                        : Initializing Spring DispatcherServlet 'dispatcherServlet'
[2025-06-11 10:01:08.231]  INFO 11648 --- [p-nio-80-exec-1] o.s.w.s.DispatcherServlet                : Initializing Servlet 'dispatcherServlet'
[2025-06-11 10:01:08.232]  INFO 11648 --- [p-nio-80-exec-1] o.s.w.s.DispatcherServlet                : Completed initialization in 1 ms
[2025-06-11 10:01:08.344]  INFO 11648 --- [p-nio-80-exec-1] c.z.h.HikariDataSource                   : HikariPool-1 - Starting...
[2025-06-11 10:01:08.346]  WARN 11648 --- [p-nio-80-exec-1] c.z.h.u.DriverDataSource                 : Registered driver with driverClassName=oracle.jdbc.driver.OracleDriver was not found, trying direct instantiation.
[2025-06-11 10:01:08.688]  INFO 11648 --- [p-nio-80-exec-1] c.z.h.p.HikariPool                       : HikariPool-1 - Added connection oracle.jdbc.driver.T4CConnection@4ba9f782
[2025-06-11 10:01:08.689]  INFO 11648 --- [p-nio-80-exec-1] c.z.h.HikariDataSource                   : HikariPool-1 - Start completed.
