[2025-06-10 11:33:16.839]  INFO ${sys:PID} --- [           main] t.c.s.AnnotationConfigContextLoaderUtils : Could not detect default configuration classes for test class [kr.co.green.member.MemberRegisterTest]: MemberRegisterTest does not declare any static, non-private, non-final, nested classes annotated with @Configuration.
[2025-06-10 11:33:16.976]  INFO ${sys:PID} --- [           main] .b.t.c.SpringBootTestContextBootstrapper : Found @SpringBootConfiguration kr.co.green.SpringProjectApplication for test class kr.co.green.member.MemberRegisterTest
[2025-06-10 11:33:17.107]  INFO ${sys:PID} --- [           main] o.s.b.d.r.RestartApplicationListener     : Restart disabled due to context in which it is running
[2025-06-10 11:33:17.292]  INFO 10912 --- [kground-preinit] o.h.v.i.u.Version                        : HV000001: Hibernate Validator 8.0.2.Final
[2025-06-10 11:33:17.336]  INFO 10912 --- [           main] k.c.g.m.MemberRegisterTest               : Starting MemberRegisterTest using Java 17.0.12 with PID 10912 (started by GR in C:\dev\git-workspace\springProject)
[2025-06-10 11:33:17.345]  INFO 10912 --- [           main] k.c.g.m.MemberRegisterTest               : No active profile set, falling back to 1 default profile: "default"
[2025-06-10 11:33:18.909]  WARN 10912 --- [           main] .s.s.UserDetailsServiceAutoConfiguration : 

Using generated security password: 66e6d577-1697-4e00-8659-5c5b52a374c8

This generated password is for development use only. Your security configuration must be updated before running your application in production.

[2025-06-10 11:33:18.915]  INFO 10912 --- [           main] r$InitializeUserDetailsManagerConfigurer : Global AuthenticationManager configured with UserDetailsService bean with name inMemoryUserDetailsManager
[2025-06-10 11:33:19.552]  INFO 10912 --- [           main] o.s.b.t.m.w.SpringBootMockServletContext : Initializing Spring TestDispatcherServlet ''
[2025-06-10 11:33:19.553]  INFO 10912 --- [           main] o.s.t.w.s.TestDispatcherServlet          : Initializing Servlet ''
[2025-06-10 11:33:19.554]  INFO 10912 --- [           main] o.s.t.w.s.TestDispatcherServlet          : Completed initialization in 1 ms
[2025-06-10 11:33:19.588]  INFO 10912 --- [           main] k.c.g.m.MemberRegisterTest               : Started MemberRegisterTest in 2.49 seconds (process running for 3.728)
[2025-06-10 11:33:19.621]  INFO 10912 --- [           main] c.z.h.HikariDataSource                   : HikariPool-1 - Starting...
[2025-06-10 11:33:19.625]  WARN 10912 --- [           main] c.z.h.u.DriverDataSource                 : Registered driver with driverClassName=oracle.jdbc.driver.OracleDriver was not found, trying direct instantiation.
[2025-06-10 11:33:19.986]  INFO 10912 --- [           main] c.z.h.p.HikariPool                       : HikariPool-1 - Added connection oracle.jdbc.driver.T4CConnection@75e4fe3c
[2025-06-10 11:33:19.988]  INFO 10912 --- [           main] c.z.h.HikariDataSource                   : HikariPool-1 - Start completed.
[2025-06-10 11:33:21.232]  INFO 10912 --- [ionShutdownHook] c.z.h.HikariDataSource                   : HikariPool-1 - Shutdown initiated...
[2025-06-10 11:33:21.251]  INFO 10912 --- [ionShutdownHook] c.z.h.HikariDataSource                   : HikariPool-1 - Shutdown completed.
[2025-06-10 11:33:49.129]  INFO ${sys:PID} --- [           main] t.c.s.AnnotationConfigContextLoaderUtils : Could not detect default configuration classes for test class [kr.co.green.member.MemberRegisterTest]: MemberRegisterTest does not declare any static, non-private, non-final, nested classes annotated with @Configuration.
[2025-06-10 11:33:49.260]  INFO ${sys:PID} --- [           main] .b.t.c.SpringBootTestContextBootstrapper : Found @SpringBootConfiguration kr.co.green.SpringProjectApplication for test class kr.co.green.member.MemberRegisterTest
[2025-06-10 11:33:49.389]  INFO ${sys:PID} --- [           main] o.s.b.d.r.RestartApplicationListener     : Restart disabled due to context in which it is running
[2025-06-10 11:33:49.577]  INFO 17804 --- [kground-preinit] o.h.v.i.u.Version                        : HV000001: Hibernate Validator 8.0.2.Final
[2025-06-10 11:33:49.623]  INFO 17804 --- [           main] k.c.g.m.MemberRegisterTest               : Starting MemberRegisterTest using Java 17.0.12 with PID 17804 (started by GR in C:\dev\git-workspace\springProject)
[2025-06-10 11:33:49.627]  INFO 17804 --- [           main] k.c.g.m.MemberRegisterTest               : No active profile set, falling back to 1 default profile: "default"
[2025-06-10 11:33:51.121]  WARN 17804 --- [           main] .s.s.UserDetailsServiceAutoConfiguration : 

Using generated security password: 7b8b5879-f770-4977-a27b-9e8c41ed17e1

This generated password is for development use only. Your security configuration must be updated before running your application in production.

[2025-06-10 11:33:51.128]  INFO 17804 --- [           main] r$InitializeUserDetailsManagerConfigurer : Global AuthenticationManager configured with UserDetailsService bean with name inMemoryUserDetailsManager
[2025-06-10 11:33:51.743]  INFO 17804 --- [           main] o.s.b.t.m.w.SpringBootMockServletContext : Initializing Spring TestDispatcherServlet ''
[2025-06-10 11:33:51.743]  INFO 17804 --- [           main] o.s.t.w.s.TestDispatcherServlet          : Initializing Servlet ''
[2025-06-10 11:33:51.745]  INFO 17804 --- [           main] o.s.t.w.s.TestDispatcherServlet          : Completed initialization in 2 ms
[2025-06-10 11:33:51.780]  INFO 17804 --- [           main] k.c.g.m.MemberRegisterTest               : Started MemberRegisterTest in 2.398 seconds (process running for 3.66)
[2025-06-10 11:33:51.810]  INFO 17804 --- [           main] c.z.h.HikariDataSource                   : HikariPool-1 - Starting...
[2025-06-10 11:33:51.814]  WARN 17804 --- [           main] c.z.h.u.DriverDataSource                 : Registered driver with driverClassName=oracle.jdbc.driver.OracleDriver was not found, trying direct instantiation.
[2025-06-10 11:33:52.206]  INFO 17804 --- [           main] c.z.h.p.HikariPool                       : HikariPool-1 - Added connection oracle.jdbc.driver.T4CConnection@4392362c
[2025-06-10 11:33:52.207]  INFO 17804 --- [           main] c.z.h.HikariDataSource                   : HikariPool-1 - Start completed.
[2025-06-10 11:33:53.441]  INFO 17804 --- [ionShutdownHook] c.z.h.HikariDataSource                   : HikariPool-1 - Shutdown initiated...
[2025-06-10 11:33:53.457]  INFO 17804 --- [ionShutdownHook] c.z.h.HikariDataSource                   : HikariPool-1 - Shutdown completed.
