[2025-06-10 11:16:37.788]  INFO ${sys:PID} --- [           main] t.c.s.AnnotationConfigContextLoaderUtils : Could not detect default configuration classes for test class [kr.co.green.member.MemberRegisterTest]: MemberRegisterTest does not declare any static, non-private, non-final, nested classes annotated with @Configuration.
[2025-06-10 11:16:37.927]  INFO ${sys:PID} --- [           main] .b.t.c.SpringBootTestContextBootstrapper : Found @SpringBootConfiguration kr.co.green.SpringProjectApplication for test class kr.co.green.member.MemberRegisterTest
[2025-06-10 11:16:38.060]  INFO ${sys:PID} --- [           main] o.s.b.d.r.RestartApplicationListener     : Restart disabled due to context in which it is running
[2025-06-10 11:16:38.252]  INFO 12548 --- [kground-preinit] o.h.v.i.u.Version                        : HV000001: Hibernate Validator 8.0.2.Final
[2025-06-10 11:16:38.297]  INFO 12548 --- [           main] k.c.g.m.MemberRegisterTest               : Starting MemberRegisterTest using Java 17.0.12 with PID 12548 (started by GR in C:\dev\git-workspace\springProject)
[2025-06-10 11:16:38.306]  INFO 12548 --- [           main] k.c.g.m.MemberRegisterTest               : No active profile set, falling back to 1 default profile: "default"
[2025-06-10 11:16:39.821]  WARN 12548 --- [           main] .s.s.UserDetailsServiceAutoConfiguration : 

Using generated security password: f3c6669f-8041-4de5-ad78-b4c21c289ea5

This generated password is for development use only. Your security configuration must be updated before running your application in production.

[2025-06-10 11:16:39.828]  INFO 12548 --- [           main] r$InitializeUserDetailsManagerConfigurer : Global AuthenticationManager configured with UserDetailsService bean with name inMemoryUserDetailsManager
[2025-06-10 11:16:40.440]  INFO 12548 --- [           main] o.s.b.t.m.w.SpringBootMockServletContext : Initializing Spring TestDispatcherServlet ''
[2025-06-10 11:16:40.440]  INFO 12548 --- [           main] o.s.t.w.s.TestDispatcherServlet          : Initializing Servlet ''
[2025-06-10 11:16:40.442]  INFO 12548 --- [           main] o.s.t.w.s.TestDispatcherServlet          : Completed initialization in 2 ms
[2025-06-10 11:16:40.475]  INFO 12548 --- [           main] k.c.g.m.MemberRegisterTest               : Started MemberRegisterTest in 2.423 seconds (process running for 3.7)
[2025-06-10 11:16:40.507]  INFO 12548 --- [           main] c.z.h.HikariDataSource                   : HikariPool-1 - Starting...
[2025-06-10 11:16:40.513]  WARN 12548 --- [           main] c.z.h.u.DriverDataSource                 : Registered driver with driverClassName=oracle.jdbc.driver.OracleDriver was not found, trying direct instantiation.
[2025-06-10 11:16:40.897]  INFO 12548 --- [           main] c.z.h.p.HikariPool                       : HikariPool-1 - Added connection oracle.jdbc.driver.T4CConnection@404009df
[2025-06-10 11:16:40.899]  INFO 12548 --- [           main] c.z.h.HikariDataSource                   : HikariPool-1 - Start completed.
[2025-06-10 11:16:41.978]  INFO 12548 --- [ionShutdownHook] c.z.h.HikariDataSource                   : HikariPool-1 - Shutdown initiated...
[2025-06-10 11:16:41.993]  INFO 12548 --- [ionShutdownHook] c.z.h.HikariDataSource                   : HikariPool-1 - Shutdown completed.
