[2025-06-11 09:36:05.141]  INFO 5368 --- [   File Watcher] rtingClassPathChangeChangedEventListener : Restarting due to 1 class path change (0 additions, 0 deletions, 1 modification)
[2025-06-11 09:36:05.150]  INFO 5368 --- [      Thread-71] o.s.b.w.e.t.GracefulShutdown             : Commencing graceful shutdown. Waiting for active requests to complete
[2025-06-11 09:36:05.152]  INFO 5368 --- [tomcat-shutdown] o.a.c.h.Http11NioProtocol                : Pausing ProtocolHandler ["http-nio-80"]
[2025-06-11 09:36:05.231]  INFO 5368 --- [tomcat-shutdown] o.s.b.w.e.t.GracefulShutdown             : Graceful shutdown complete
[2025-06-11 09:36:05.231]  INFO 5368 --- [      Thread-71] o.a.c.h.Http11NioProtocol                : Stopping ProtocolHandler ["http-nio-80"]
[2025-06-11 09:36:05.269]  INFO 5368 --- [  restartedMain] k.c.g.SpringProjectApplication           : 스프링 프로젝트가 시작중입니다.
[2025-06-11 09:36:05.299]  INFO 5368 --- [  restartedMain] k.c.g.SpringProjectApplication           : Starting SpringProjectApplication using Java 17.0.12 with PID 5368 (C:\dev\git-workspace\springProject\bin\main started by GR in C:\dev\git-workspace\springProject)
[2025-06-11 09:36:05.299]  INFO 5368 --- [  restartedMain] k.c.g.SpringProjectApplication           : No active profile set, falling back to 1 default profile: "default"
[2025-06-11 09:36:05.536]  INFO 5368 --- [  restartedMain] o.s.b.w.e.t.TomcatWebServer              : Tomcat initialized with port 80 (http)
[2025-06-11 09:36:05.537]  INFO 5368 --- [  restartedMain] o.a.c.h.Http11NioProtocol                : Initializing ProtocolHandler ["http-nio-80"]
[2025-06-11 09:36:05.537]  INFO 5368 --- [  restartedMain] o.a.c.c.StandardService                  : Starting service [Tomcat]
[2025-06-11 09:36:05.538]  INFO 5368 --- [  restartedMain] o.a.c.c.StandardEngine                   : Starting Servlet engine: [Apache Tomcat/10.1.39]
[2025-06-11 09:36:05.548]  INFO 5368 --- [  restartedMain] o.a.c.c.C.[.[.[/]                        : Initializing Spring embedded WebApplicationContext
[2025-06-11 09:36:05.548]  INFO 5368 --- [  restartedMain] w.s.c.ServletWebServerApplicationContext : Root WebApplicationContext: initialization completed in 247 ms
[2025-06-11 09:36:05.622]  WARN 5368 --- [  restartedMain] .s.s.UserDetailsServiceAutoConfiguration : 

Using generated security password: 22e42b89-fe0f-483d-86d8-43fb55bd35f4

This generated password is for development use only. Your security configuration must be updated before running your application in production.

[2025-06-11 09:36:05.623]  INFO 5368 --- [  restartedMain] r$InitializeUserDetailsManagerConfigurer : Global AuthenticationManager configured with UserDetailsService bean with name inMemoryUserDetailsManager
[2025-06-11 09:36:05.721]  INFO 5368 --- [  restartedMain] o.s.b.d.a.OptionalLiveReloadServer       : LiveReload server is running on port 35729
[2025-06-11 09:36:05.731]  INFO 5368 --- [  restartedMain] o.a.c.h.Http11NioProtocol                : Starting ProtocolHandler ["http-nio-80"]
[2025-06-11 09:36:05.733]  INFO 5368 --- [  restartedMain] o.s.b.w.e.t.TomcatWebServer              : Tomcat started on port 80 (http) with context path '/'
[2025-06-11 09:36:05.739]  INFO 5368 --- [  restartedMain] k.c.g.SpringProjectApplication           : Started SpringProjectApplication in 0.467 seconds (process running for 1767.498)
[2025-06-11 09:36:05.740]  INFO 5368 --- [  restartedMain] .ConditionEvaluationDeltaLoggingListener : Condition evaluation unchanged
[2025-06-11 09:36:05.740]  INFO 5368 --- [  restartedMain] k.c.g.SpringProjectApplication           : 스프링 프로젝트가 성공적으로 시작되었습니다.
