[2025-06-10 11:15:10.934]  INFO ${sys:PID} --- [           main] t.c.s.AnnotationConfigContextLoaderUtils : Could not detect default configuration classes for test class [kr.co.green.member.MemberRegisterTest]: MemberRegisterTest does not declare any static, non-private, non-final, nested classes annotated with @Configuration.
[2025-06-10 11:15:11.073]  INFO ${sys:PID} --- [           main] .b.t.c.SpringBootTestContextBootstrapper : Found @SpringBootConfiguration kr.co.green.SpringProjectApplication for test class kr.co.green.member.MemberRegisterTest
[2025-06-10 11:15:11.202]  INFO ${sys:PID} --- [           main] o.s.b.d.r.RestartApplicationListener     : Restart disabled due to context in which it is running
[2025-06-10 11:15:11.393]  INFO 6396 --- [kground-preinit] o.h.v.i.u.Version                        : HV000001: Hibernate Validator 8.0.2.Final
[2025-06-10 11:15:11.441]  INFO 6396 --- [           main] k.c.g.m.MemberRegisterTest               : Starting MemberRegisterTest using Java 17.0.12 with PID 6396 (started by GR in C:\dev\git-workspace\springProject)
[2025-06-10 11:15:11.450]  INFO 6396 --- [           main] k.c.g.m.MemberRegisterTest               : No active profile set, falling back to 1 default profile: "default"
[2025-06-10 11:15:12.934]  WARN 6396 --- [           main] .s.s.UserDetailsServiceAutoConfiguration : 

Using generated security password: 9ac6345b-867b-4aad-a118-06e0ba453807

This generated password is for development use only. Your security configuration must be updated before running your application in production.

[2025-06-10 11:15:12.940]  INFO 6396 --- [           main] r$InitializeUserDetailsManagerConfigurer : Global AuthenticationManager configured with UserDetailsService bean with name inMemoryUserDetailsManager
[2025-06-10 11:15:13.591]  INFO 6396 --- [           main] o.s.b.t.m.w.SpringBootMockServletContext : Initializing Spring TestDispatcherServlet ''
[2025-06-10 11:15:13.591]  INFO 6396 --- [           main] o.s.t.w.s.TestDispatcherServlet          : Initializing Servlet ''
[2025-06-10 11:15:13.592]  INFO 6396 --- [           main] o.s.t.w.s.TestDispatcherServlet          : Completed initialization in 1 ms
[2025-06-10 11:15:13.630]  INFO 6396 --- [           main] k.c.g.m.MemberRegisterTest               : Started MemberRegisterTest in 2.437 seconds (process running for 3.711)
[2025-06-10 11:15:13.664]  INFO 6396 --- [           main] c.z.h.HikariDataSource                   : HikariPool-1 - Starting...
[2025-06-10 11:15:13.668]  WARN 6396 --- [           main] c.z.h.u.DriverDataSource                 : Registered driver with driverClassName=oracle.jdbc.driver.OracleDriver was not found, trying direct instantiation.
[2025-06-10 11:15:14.095]  INFO 6396 --- [           main] c.z.h.p.HikariPool                       : HikariPool-1 - Added connection oracle.jdbc.driver.T4CConnection@404009df
[2025-06-10 11:15:14.097]  INFO 6396 --- [           main] c.z.h.HikariDataSource                   : HikariPool-1 - Start completed.
[2025-06-10 11:15:15.286]  INFO 6396 --- [ionShutdownHook] c.z.h.HikariDataSource                   : HikariPool-1 - Shutdown initiated...
[2025-06-10 11:15:15.302]  INFO 6396 --- [ionShutdownHook] c.z.h.HikariDataSource                   : HikariPool-1 - Shutdown completed.
