[2025-06-10 12:56:41.876] ERROR 21452 --- [p-nio-80-exec-9] o.a.c.c.C.[.[.[.[dispatcherServlet]      : Servlet.service() for servlet [dispatcherServlet] in context with path [] threw exception [Request processing failed: java.lang.TypeNotPresentException: Type BoardListResponse not present] with root cause

java.lang.ClassNotFoundException: BoardListResponse
	at java.base/jdk.internal.loader.BuiltinClassLoader.loadClass(BuiltinClassLoader.java:641) ~[?:?]
	at java.base/jdk.internal.loader.ClassLoaders$AppClassLoader.loadClass(ClassLoaders.java:188) ~[?:?]
	at java.base/java.lang.ClassLoader.loadClass(ClassLoader.java:525) ~[?:?]
	at java.base/java.lang.Class.forName0(Native Method) ~[?:?]
	at java.base/java.lang.Class.forName(Class.java:467) ~[?:?]
	at org.springframework.boot.devtools.restart.classloader.RestartClassLoader.loadClass(RestartClassLoader.java:121) ~[spring-boot-devtools-3.4.4.jar:3.4.4]
	at java.base/java.lang.ClassLoader.loadClass(ClassLoader.java:525) ~[?:?]
	at java.base/java.lang.Class.forName0(Native Method) ~[?:?]
	at java.base/java.lang.Class.forName(Class.java:467) ~[?:?]
	at java.base/sun.reflect.generics.factory.CoreReflectionFactory.makeNamedType(CoreReflectionFactory.java:114) ~[?:?]
	at java.base/sun.reflect.generics.visitor.Reifier.visitClassTypeSignature(Reifier.java:125) ~[?:?]
	at java.base/sun.reflect.generics.tree.ClassTypeSignature.accept(ClassTypeSignature.java:49) ~[?:?]
	at java.base/sun.reflect.annotation.AnnotationParser.parseSig(AnnotationParser.java:441) ~[?:?]
	at java.base/sun.reflect.annotation.AnnotationParser.parseClassValue(AnnotationParser.java:427) ~[?:?]
	at java.base/sun.reflect.annotation.AnnotationParser.parseMemberValue(AnnotationParser.java:346) ~[?:?]
	at java.base/sun.reflect.annotation.AnnotationParser.parseAnnotation2(AnnotationParser.java:282) ~[?:?]
	at java.base/sun.reflect.annotation.AnnotationParser.parseAnnotation(AnnotationParser.java:227) ~[?:?]
	at java.base/sun.reflect.annotation.AnnotationParser.parseMemberValue(AnnotationParser.java:349) ~[?:?]
	at java.base/sun.reflect.annotation.AnnotationParser.parseAnnotation2(AnnotationParser.java:282) ~[?:?]
	at java.base/sun.reflect.annotation.AnnotationParser.parseAnnotation(AnnotationParser.java:227) ~[?:?]
	at java.base/sun.reflect.annotation.AnnotationParser.lambda$parseAnnotationArray$2(AnnotationParser.java:732) ~[?:?]
	at java.base/sun.reflect.annotation.AnnotationParser.parseArrayElements(AnnotationParser.java:743) ~[?:?]
	at java.base/sun.reflect.annotation.AnnotationParser.parseAnnotationArray(AnnotationParser.java:731) ~[?:?]
	at java.base/sun.reflect.annotation.AnnotationParser.parseArray(AnnotationParser.java:532) ~[?:?]
	at java.base/sun.reflect.annotation.AnnotationParser.parseMemberValue(AnnotationParser.java:352) ~[?:?]
	at java.base/sun.reflect.annotation.AnnotationParser.parseAnnotation2(AnnotationParser.java:282) ~[?:?]
	at java.base/sun.reflect.annotation.AnnotationParser.parseAnnotation(AnnotationParser.java:227) ~[?:?]
	at java.base/sun.reflect.annotation.AnnotationParser.lambda$parseAnnotationArray$2(AnnotationParser.java:732) ~[?:?]
	at java.base/sun.reflect.annotation.AnnotationParser.parseArrayElements(AnnotationParser.java:743) ~[?:?]
	at java.base/sun.reflect.annotation.AnnotationParser.parseAnnotationArray(AnnotationParser.java:731) ~[?:?]
	at java.base/sun.reflect.annotation.AnnotationParser.parseArray(AnnotationParser.java:532) ~[?:?]
	at java.base/sun.reflect.annotation.AnnotationParser.parseMemberValue(AnnotationParser.java:352) ~[?:?]
	at java.base/sun.reflect.annotation.AnnotationParser.parseAnnotation2(AnnotationParser.java:282) ~[?:?]
	at java.base/sun.reflect.annotation.AnnotationParser.parseAnnotations2(AnnotationParser.java:121) ~[?:?]
	at java.base/sun.reflect.annotation.AnnotationParser.parseAnnotations(AnnotationParser.java:73) ~[?:?]
	at java.base/java.lang.reflect.Executable.declaredAnnotations(Executable.java:625) ~[?:?]
	at java.base/java.lang.reflect.Executable.declaredAnnotations(Executable.java:623) ~[?:?]
	at java.base/java.lang.reflect.Executable.getAnnotation(Executable.java:591) ~[?:?]
	at java.base/java.lang.reflect.Method.getAnnotation(Method.java:738) ~[?:?]
	at org.springframework.beans.factory.annotation.AutowiredAnnotationBeanPostProcessor.lambda$checkLookupMethods$0(AutowiredAnnotationBeanPostProcessor.java:477) ~[spring-beans-6.2.5.jar:6.2.5]
	at org.springframework.util.ReflectionUtils.doWithLocalMethods(ReflectionUtils.java:323) ~[spring-core-6.2.5.jar:6.2.5]
	at org.springframework.beans.factory.annotation.AutowiredAnnotationBeanPostProcessor.checkLookupMethods(AutowiredAnnotationBeanPostProcessor.java:476) ~[spring-beans-6.2.5.jar:6.2.5]
	at org.springframework.beans.factory.annotation.AutowiredAnnotationBeanPostProcessor.determineCandidateConstructors(AutowiredAnnotationBeanPostProcessor.java:368) ~[spring-beans-6.2.5.jar:6.2.5]
	at org.springframework.beans.factory.support.AbstractAutowireCapableBeanFactory.determineConstructorsFromBeanPostProcessors(AbstractAutowireCapableBeanFactory.java:1320) ~[spring-beans-6.2.5.jar:6.2.5]
	at org.springframework.beans.factory.support.AbstractAutowireCapableBeanFactory.createBeanInstance(AbstractAutowireCapableBeanFactory.java:1215) ~[spring-beans-6.2.5.jar:6.2.5]
	at org.springframework.beans.factory.support.AbstractAutowireCapableBeanFactory.doCreateBean(AbstractAutowireCapableBeanFactory.java:563) ~[spring-beans-6.2.5.jar:6.2.5]
	at org.springframework.beans.factory.support.AbstractAutowireCapableBeanFactory.createBean(AbstractAutowireCapableBeanFactory.java:523) ~[spring-beans-6.2.5.jar:6.2.5]
	at org.springframework.beans.factory.support.AbstractBeanFactory.lambda$doGetBean$0(AbstractBeanFactory.java:339) ~[spring-beans-6.2.5.jar:6.2.5]
	at org.springframework.beans.factory.support.DefaultSingletonBeanRegistry.getSingleton(DefaultSingletonBeanRegistry.java:347) ~[spring-beans-6.2.5.jar:6.2.5]
	at org.springframework.beans.factory.support.AbstractBeanFactory.doGetBean(AbstractBeanFactory.java:337) ~[spring-beans-6.2.5.jar:6.2.5]
	at org.springframework.beans.factory.support.AbstractBeanFactory.getBean(AbstractBeanFactory.java:202) ~[spring-beans-6.2.5.jar:6.2.5]
	at org.springframework.beans.factory.support.DefaultListableBeanFactory.instantiateSingleton(DefaultListableBeanFactory.java:1155) ~[spring-beans-6.2.5.jar:6.2.5]
	at org.springframework.beans.factory.support.DefaultListableBeanFactory.preInstantiateSingleton(DefaultListableBeanFactory.java:1121) ~[spring-beans-6.2.5.jar:6.2.5]
	at org.springframework.beans.factory.support.DefaultListableBeanFactory.preInstantiateSingletons(DefaultListableBeanFactory.java:1056) ~[spring-beans-6.2.5.jar:6.2.5]
	at org.springframework.context.support.AbstractApplicationContext.finishBeanFactoryInitialization(AbstractApplicationContext.java:987) ~[spring-context-6.2.5.jar:6.2.5]
	at org.springframework.context.support.AbstractApplicationContext.refresh(AbstractApplicationContext.java:627) ~[spring-context-6.2.5.jar:6.2.5]
	at org.springframework.boot.web.servlet.context.ServletWebServerApplicationContext.refresh(ServletWebServerApplicationContext.java:146) ~[spring-boot-3.4.4.jar:3.4.4]
	at org.springframework.boot.SpringApplication.refresh(SpringApplication.java:752) ~[spring-boot-3.4.4.jar:3.4.4]
	at org.springframework.boot.SpringApplication.refreshContext(SpringApplication.java:439) ~[spring-boot-3.4.4.jar:3.4.4]
	at org.springframework.boot.SpringApplication.run(SpringApplication.java:318) ~[spring-boot-3.4.4.jar:3.4.4]
	at org.springframework.boot.SpringApplication.run(SpringApplication.java:1361) ~[spring-boot-3.4.4.jar:3.4.4]
	at org.springframework.boot.SpringApplication.run(SpringApplication.java:1350) ~[spring-boot-3.4.4.jar:3.4.4]
	at kr.co.green.SpringProjectApplication.main(SpringProjectApplication.java:15) ~[main/:?]
	at java.base/jdk.internal.reflect.NativeMethodAccessorImpl.invoke0(Native Method) ~[?:?]
	at java.base/jdk.internal.reflect.NativeMethodAccessorImpl.invoke(NativeMethodAccessorImpl.java:77) ~[?:?]
	at java.base/jdk.internal.reflect.DelegatingMethodAccessorImpl.invoke(DelegatingMethodAccessorImpl.java:43) ~[?:?]
	at java.base/java.lang.reflect.Method.invoke(Method.java:568) ~[?:?]
	at org.springframework.boot.devtools.restart.RestartLauncher.run(RestartLauncher.java:50) ~[spring-boot-devtools-3.4.4.jar:3.4.4]

