[2025-06-11 09:38:15.743]  INFO 5368 --- [   File Watcher] rtingClassPathChangeChangedEventListener : Restarting due to 1 class path change (0 additions, 0 deletions, 1 modification)
[2025-06-11 09:38:15.749]  INFO 5368 --- [      Thread-75] o.s.b.w.e.t.GracefulShutdown             : Commencing graceful shutdown. Waiting for active requests to complete
[2025-06-11 09:38:15.750]  INFO 5368 --- [tomcat-shutdown] o.a.c.h.Http11NioProtocol                : Pausing ProtocolHandler ["http-nio-80"]
[2025-06-11 09:38:15.787]  INFO 5368 --- [tomcat-shutdown] o.s.b.w.e.t.GracefulShutdown             : Graceful shutdown complete
[2025-06-11 09:38:15.787]  INFO 5368 --- [      Thread-75] o.a.c.h.Http11NioProtocol                : Stopping ProtocolHandler ["http-nio-80"]
[2025-06-11 09:38:15.825]  INFO 5368 --- [  restartedMain] k.c.g.SpringProjectApplication           : 스프링 프로젝트가 시작중입니다.
[2025-06-11 09:38:15.856]  INFO 5368 --- [  restartedMain] k.c.g.SpringProjectApplication           : Starting SpringProjectApplication using Java 17.0.12 with PID 5368 (C:\dev\git-workspace\springProject\bin\main started by GR in C:\dev\git-workspace\springProject)
[2025-06-11 09:38:15.856]  INFO 5368 --- [  restartedMain] k.c.g.SpringProjectApplication           : No active profile set, falling back to 1 default profile: "default"
[2025-06-11 09:38:16.100]  INFO 5368 --- [  restartedMain] o.s.b.w.e.t.TomcatWebServer              : Tomcat initialized with port 80 (http)
[2025-06-11 09:38:16.101]  INFO 5368 --- [  restartedMain] o.a.c.h.Http11NioProtocol                : Initializing ProtocolHandler ["http-nio-80"]
[2025-06-11 09:38:16.101]  INFO 5368 --- [  restartedMain] o.a.c.c.StandardService                  : Starting service [Tomcat]
[2025-06-11 09:38:16.101]  INFO 5368 --- [  restartedMain] o.a.c.c.StandardEngine                   : Starting Servlet engine: [Apache Tomcat/10.1.39]
[2025-06-11 09:38:16.111]  INFO 5368 --- [  restartedMain] o.a.c.c.C.[.[.[/]                        : Initializing Spring embedded WebApplicationContext
[2025-06-11 09:38:16.111]  INFO 5368 --- [  restartedMain] w.s.c.ServletWebServerApplicationContext : Root WebApplicationContext: initialization completed in 253 ms
[2025-06-11 09:38:16.157]  WARN 5368 --- [  restartedMain] ConfigServletWebServerApplicationContext : Exception encountered during context initialization - cancelling refresh attempt: org.springframework.beans.factory.BeanCreationException: Error creating bean with name 'memberController': Lookup method resolution failed
[2025-06-11 09:38:16.158]  INFO 5368 --- [  restartedMain] o.a.c.c.StandardService                  : Stopping service [Tomcat]
[2025-06-11 09:38:16.164]  INFO 5368 --- [  restartedMain] .s.b.a.l.ConditionEvaluationReportLogger : 

Error starting ApplicationContext. To display the condition evaluation report re-run your application with 'debug' enabled.
[2025-06-11 09:38:16.182] ERROR 5368 --- [  restartedMain] o.s.b.SpringApplication                  : Application run failed

org.springframework.beans.factory.BeanCreationException: Error creating bean with name 'memberController': Lookup method resolution failed
	at org.springframework.beans.factory.annotation.AutowiredAnnotationBeanPostProcessor.checkLookupMethods(AutowiredAnnotationBeanPostProcessor.java:498) ~[spring-beans-6.2.5.jar:6.2.5]
	at org.springframework.beans.factory.annotation.AutowiredAnnotationBeanPostProcessor.determineCandidateConstructors(AutowiredAnnotationBeanPostProcessor.java:368) ~[spring-beans-6.2.5.jar:6.2.5]
	at org.springframework.beans.factory.support.AbstractAutowireCapableBeanFactory.determineConstructorsFromBeanPostProcessors(AbstractAutowireCapableBeanFactory.java:1320) ~[spring-beans-6.2.5.jar:6.2.5]
	at org.springframework.beans.factory.support.AbstractAutowireCapableBeanFactory.createBeanInstance(AbstractAutowireCapableBeanFactory.java:1215) ~[spring-beans-6.2.5.jar:6.2.5]
	at org.springframework.beans.factory.support.AbstractAutowireCapableBeanFactory.doCreateBean(AbstractAutowireCapableBeanFactory.java:563) ~[spring-beans-6.2.5.jar:6.2.5]
	at org.springframework.beans.factory.support.AbstractAutowireCapableBeanFactory.createBean(AbstractAutowireCapableBeanFactory.java:523) ~[spring-beans-6.2.5.jar:6.2.5]
	at org.springframework.beans.factory.support.AbstractBeanFactory.lambda$doGetBean$0(AbstractBeanFactory.java:339) ~[spring-beans-6.2.5.jar:6.2.5]
	at org.springframework.beans.factory.support.DefaultSingletonBeanRegistry.getSingleton(DefaultSingletonBeanRegistry.java:347) ~[spring-beans-6.2.5.jar:6.2.5]
	at org.springframework.beans.factory.support.AbstractBeanFactory.doGetBean(AbstractBeanFactory.java:337) ~[spring-beans-6.2.5.jar:6.2.5]
	at org.springframework.beans.factory.support.AbstractBeanFactory.getBean(AbstractBeanFactory.java:202) ~[spring-beans-6.2.5.jar:6.2.5]
	at org.springframework.beans.factory.support.DefaultListableBeanFactory.instantiateSingleton(DefaultListableBeanFactory.java:1155) ~[spring-beans-6.2.5.jar:6.2.5]
	at org.springframework.beans.factory.support.DefaultListableBeanFactory.preInstantiateSingleton(DefaultListableBeanFactory.java:1121) ~[spring-beans-6.2.5.jar:6.2.5]
	at org.springframework.beans.factory.support.DefaultListableBeanFactory.preInstantiateSingletons(DefaultListableBeanFactory.java:1056) ~[spring-beans-6.2.5.jar:6.2.5]
	at org.springframework.context.support.AbstractApplicationContext.finishBeanFactoryInitialization(AbstractApplicationContext.java:987) ~[spring-context-6.2.5.jar:6.2.5]
	at org.springframework.context.support.AbstractApplicationContext.refresh(AbstractApplicationContext.java:627) ~[spring-context-6.2.5.jar:6.2.5]
	at org.springframework.boot.web.servlet.context.ServletWebServerApplicationContext.refresh(ServletWebServerApplicationContext.java:146) ~[spring-boot-3.4.4.jar:3.4.4]
	at org.springframework.boot.SpringApplication.refresh(SpringApplication.java:752) [spring-boot-3.4.4.jar:3.4.4]
	at org.springframework.boot.SpringApplication.refreshContext(SpringApplication.java:439) [spring-boot-3.4.4.jar:3.4.4]
	at org.springframework.boot.SpringApplication.run(SpringApplication.java:318) [spring-boot-3.4.4.jar:3.4.4]
	at org.springframework.boot.SpringApplication.run(SpringApplication.java:1361) [spring-boot-3.4.4.jar:3.4.4]
	at org.springframework.boot.SpringApplication.run(SpringApplication.java:1350) [spring-boot-3.4.4.jar:3.4.4]
	at kr.co.green.SpringProjectApplication.main(SpringProjectApplication.java:15) [main/:?]
	at java.base/jdk.internal.reflect.NativeMethodAccessorImpl.invoke0(Native Method) ~[?:?]
	at java.base/jdk.internal.reflect.NativeMethodAccessorImpl.invoke(NativeMethodAccessorImpl.java:77) ~[?:?]
	at java.base/jdk.internal.reflect.DelegatingMethodAccessorImpl.invoke(DelegatingMethodAccessorImpl.java:43) ~[?:?]
	at java.base/java.lang.reflect.Method.invoke(Method.java:568) ~[?:?]
	at org.springframework.boot.devtools.restart.RestartLauncher.run(RestartLauncher.java:50) [spring-boot-devtools-3.4.4.jar:3.4.4]
Caused by: java.lang.IllegalStateException: Failed to introspect Class [kr.co.green.member.controller.MemberController] from ClassLoader [org.springframework.boot.devtools.restart.classloader.RestartClassLoader@10f5ba59]
	at org.springframework.util.ReflectionUtils.getDeclaredMethods(ReflectionUtils.java:483) ~[spring-core-6.2.5.jar:6.2.5]
	at org.springframework.util.ReflectionUtils.doWithLocalMethods(ReflectionUtils.java:320) ~[spring-core-6.2.5.jar:6.2.5]
	at org.springframework.beans.factory.annotation.AutowiredAnnotationBeanPostProcessor.checkLookupMethods(AutowiredAnnotationBeanPostProcessor.java:476) ~[spring-beans-6.2.5.jar:6.2.5]
	... 26 more
Caused by: java.lang.NoClassDefFoundError: RegisterReqDTO
	at java.base/java.lang.Class.getDeclaredMethods0(Native Method) ~[?:?]
	at java.base/java.lang.Class.privateGetDeclaredMethods(Class.java:3402) ~[?:?]
	at java.base/java.lang.Class.getDeclaredMethods(Class.java:2504) ~[?:?]
	at org.springframework.util.ReflectionUtils.getDeclaredMethods(ReflectionUtils.java:465) ~[spring-core-6.2.5.jar:6.2.5]
	at org.springframework.util.ReflectionUtils.doWithLocalMethods(ReflectionUtils.java:320) ~[spring-core-6.2.5.jar:6.2.5]
	at org.springframework.beans.factory.annotation.AutowiredAnnotationBeanPostProcessor.checkLookupMethods(AutowiredAnnotationBeanPostProcessor.java:476) ~[spring-beans-6.2.5.jar:6.2.5]
	... 26 more
Caused by: java.lang.ClassNotFoundException: RegisterReqDTO
	at java.base/jdk.internal.loader.BuiltinClassLoader.loadClass(BuiltinClassLoader.java:641) ~[?:?]
	at java.base/jdk.internal.loader.ClassLoaders$AppClassLoader.loadClass(ClassLoaders.java:188) ~[?:?]
	at java.base/java.lang.ClassLoader.loadClass(ClassLoader.java:525) ~[?:?]
	at java.base/java.lang.Class.forName0(Native Method) ~[?:?]
	at java.base/java.lang.Class.forName(Class.java:467) ~[?:?]
	at org.springframework.boot.devtools.restart.classloader.RestartClassLoader.loadClass(RestartClassLoader.java:121) ~[spring-boot-devtools-3.4.4.jar:3.4.4]
	at java.base/java.lang.ClassLoader.loadClass(ClassLoader.java:525) ~[?:?]
	at java.base/java.lang.Class.getDeclaredMethods0(Native Method) ~[?:?]
	at java.base/java.lang.Class.privateGetDeclaredMethods(Class.java:3402) ~[?:?]
	at java.base/java.lang.Class.getDeclaredMethods(Class.java:2504) ~[?:?]
	at org.springframework.util.ReflectionUtils.getDeclaredMethods(ReflectionUtils.java:465) ~[spring-core-6.2.5.jar:6.2.5]
	at org.springframework.util.ReflectionUtils.doWithLocalMethods(ReflectionUtils.java:320) ~[spring-core-6.2.5.jar:6.2.5]
	at org.springframework.beans.factory.annotation.AutowiredAnnotationBeanPostProcessor.checkLookupMethods(AutowiredAnnotationBeanPostProcessor.java:476) ~[spring-beans-6.2.5.jar:6.2.5]
	... 26 more

[2025-06-11 09:38:26.980]  INFO 5368 --- [  restartedMain] k.c.g.SpringProjectApplication           : 스프링 프로젝트가 시작중입니다.
[2025-06-11 09:38:27.042]  INFO 5368 --- [  restartedMain] k.c.g.SpringProjectApplication           : Starting SpringProjectApplication using Java 17.0.12 with PID 5368 (C:\dev\git-workspace\springProject\bin\main started by GR in C:\dev\git-workspace\springProject)
[2025-06-11 09:38:27.043]  INFO 5368 --- [  restartedMain] k.c.g.SpringProjectApplication           : No active profile set, falling back to 1 default profile: "default"
[2025-06-11 09:38:27.271]  INFO 5368 --- [  restartedMain] o.s.b.w.e.t.TomcatWebServer              : Tomcat initialized with port 80 (http)
[2025-06-11 09:38:27.273]  INFO 5368 --- [  restartedMain] o.a.c.h.Http11NioProtocol                : Initializing ProtocolHandler ["http-nio-80"]
[2025-06-11 09:38:27.273]  INFO 5368 --- [  restartedMain] o.a.c.c.StandardService                  : Starting service [Tomcat]
[2025-06-11 09:38:27.273]  INFO 5368 --- [  restartedMain] o.a.c.c.StandardEngine                   : Starting Servlet engine: [Apache Tomcat/10.1.39]
[2025-06-11 09:38:27.287]  INFO 5368 --- [  restartedMain] o.a.c.c.C.[.[.[/]                        : Initializing Spring embedded WebApplicationContext
[2025-06-11 09:38:27.287]  INFO 5368 --- [  restartedMain] w.s.c.ServletWebServerApplicationContext : Root WebApplicationContext: initialization completed in 243 ms
[2025-06-11 09:38:27.329]  WARN 5368 --- [  restartedMain] ConfigServletWebServerApplicationContext : Exception encountered during context initialization - cancelling refresh attempt: org.springframework.beans.factory.BeanCreationException: Error creating bean with name 'memberController': Lookup method resolution failed
[2025-06-11 09:38:27.329]  INFO 5368 --- [  restartedMain] o.a.c.c.StandardService                  : Stopping service [Tomcat]
[2025-06-11 09:38:27.335]  INFO 5368 --- [  restartedMain] .s.b.a.l.ConditionEvaluationReportLogger : 

Error starting ApplicationContext. To display the condition evaluation report re-run your application with 'debug' enabled.
[2025-06-11 09:38:27.337] ERROR 5368 --- [  restartedMain] o.s.b.SpringApplication                  : Application run failed

org.springframework.beans.factory.BeanCreationException: Error creating bean with name 'memberController': Lookup method resolution failed
	at org.springframework.beans.factory.annotation.AutowiredAnnotationBeanPostProcessor.checkLookupMethods(AutowiredAnnotationBeanPostProcessor.java:498) ~[spring-beans-6.2.5.jar:6.2.5]
	at org.springframework.beans.factory.annotation.AutowiredAnnotationBeanPostProcessor.determineCandidateConstructors(AutowiredAnnotationBeanPostProcessor.java:368) ~[spring-beans-6.2.5.jar:6.2.5]
	at org.springframework.beans.factory.support.AbstractAutowireCapableBeanFactory.determineConstructorsFromBeanPostProcessors(AbstractAutowireCapableBeanFactory.java:1320) ~[spring-beans-6.2.5.jar:6.2.5]
	at org.springframework.beans.factory.support.AbstractAutowireCapableBeanFactory.createBeanInstance(AbstractAutowireCapableBeanFactory.java:1215) ~[spring-beans-6.2.5.jar:6.2.5]
	at org.springframework.beans.factory.support.AbstractAutowireCapableBeanFactory.doCreateBean(AbstractAutowireCapableBeanFactory.java:563) ~[spring-beans-6.2.5.jar:6.2.5]
	at org.springframework.beans.factory.support.AbstractAutowireCapableBeanFactory.createBean(AbstractAutowireCapableBeanFactory.java:523) ~[spring-beans-6.2.5.jar:6.2.5]
	at org.springframework.beans.factory.support.AbstractBeanFactory.lambda$doGetBean$0(AbstractBeanFactory.java:339) ~[spring-beans-6.2.5.jar:6.2.5]
	at org.springframework.beans.factory.support.DefaultSingletonBeanRegistry.getSingleton(DefaultSingletonBeanRegistry.java:347) ~[spring-beans-6.2.5.jar:6.2.5]
	at org.springframework.beans.factory.support.AbstractBeanFactory.doGetBean(AbstractBeanFactory.java:337) ~[spring-beans-6.2.5.jar:6.2.5]
	at org.springframework.beans.factory.support.AbstractBeanFactory.getBean(AbstractBeanFactory.java:202) ~[spring-beans-6.2.5.jar:6.2.5]
	at org.springframework.beans.factory.support.DefaultListableBeanFactory.instantiateSingleton(DefaultListableBeanFactory.java:1155) ~[spring-beans-6.2.5.jar:6.2.5]
	at org.springframework.beans.factory.support.DefaultListableBeanFactory.preInstantiateSingleton(DefaultListableBeanFactory.java:1121) ~[spring-beans-6.2.5.jar:6.2.5]
	at org.springframework.beans.factory.support.DefaultListableBeanFactory.preInstantiateSingletons(DefaultListableBeanFactory.java:1056) ~[spring-beans-6.2.5.jar:6.2.5]
	at org.springframework.context.support.AbstractApplicationContext.finishBeanFactoryInitialization(AbstractApplicationContext.java:987) ~[spring-context-6.2.5.jar:6.2.5]
	at org.springframework.context.support.AbstractApplicationContext.refresh(AbstractApplicationContext.java:627) ~[spring-context-6.2.5.jar:6.2.5]
	at org.springframework.boot.web.servlet.context.ServletWebServerApplicationContext.refresh(ServletWebServerApplicationContext.java:146) ~[spring-boot-3.4.4.jar:3.4.4]
	at org.springframework.boot.SpringApplication.refresh(SpringApplication.java:752) [spring-boot-3.4.4.jar:3.4.4]
	at org.springframework.boot.SpringApplication.refreshContext(SpringApplication.java:439) [spring-boot-3.4.4.jar:3.4.4]
	at org.springframework.boot.SpringApplication.run(SpringApplication.java:318) [spring-boot-3.4.4.jar:3.4.4]
	at org.springframework.boot.SpringApplication.run(SpringApplication.java:1361) [spring-boot-3.4.4.jar:3.4.4]
	at org.springframework.boot.SpringApplication.run(SpringApplication.java:1350) [spring-boot-3.4.4.jar:3.4.4]
	at kr.co.green.SpringProjectApplication.main(SpringProjectApplication.java:15) [main/:?]
	at java.base/jdk.internal.reflect.NativeMethodAccessorImpl.invoke0(Native Method) ~[?:?]
	at java.base/jdk.internal.reflect.NativeMethodAccessorImpl.invoke(NativeMethodAccessorImpl.java:77) ~[?:?]
	at java.base/jdk.internal.reflect.DelegatingMethodAccessorImpl.invoke(DelegatingMethodAccessorImpl.java:43) ~[?:?]
	at java.base/java.lang.reflect.Method.invoke(Method.java:568) ~[?:?]
	at org.springframework.boot.devtools.restart.RestartLauncher.run(RestartLauncher.java:50) [spring-boot-devtools-3.4.4.jar:3.4.4]
Caused by: java.lang.IllegalStateException: Failed to introspect Class [kr.co.green.member.controller.MemberController] from ClassLoader [org.springframework.boot.devtools.restart.classloader.RestartClassLoader@137d7768]
	at org.springframework.util.ReflectionUtils.getDeclaredMethods(ReflectionUtils.java:483) ~[spring-core-6.2.5.jar:6.2.5]
	at org.springframework.util.ReflectionUtils.doWithLocalMethods(ReflectionUtils.java:320) ~[spring-core-6.2.5.jar:6.2.5]
	at org.springframework.beans.factory.annotation.AutowiredAnnotationBeanPostProcessor.checkLookupMethods(AutowiredAnnotationBeanPostProcessor.java:476) ~[spring-beans-6.2.5.jar:6.2.5]
	... 26 more
Caused by: java.lang.NoClassDefFoundError: RegisterReqDTO
	at java.base/java.lang.Class.getDeclaredMethods0(Native Method) ~[?:?]
	at java.base/java.lang.Class.privateGetDeclaredMethods(Class.java:3402) ~[?:?]
	at java.base/java.lang.Class.getDeclaredMethods(Class.java:2504) ~[?:?]
	at org.springframework.util.ReflectionUtils.getDeclaredMethods(ReflectionUtils.java:465) ~[spring-core-6.2.5.jar:6.2.5]
	at org.springframework.util.ReflectionUtils.doWithLocalMethods(ReflectionUtils.java:320) ~[spring-core-6.2.5.jar:6.2.5]
	at org.springframework.beans.factory.annotation.AutowiredAnnotationBeanPostProcessor.checkLookupMethods(AutowiredAnnotationBeanPostProcessor.java:476) ~[spring-beans-6.2.5.jar:6.2.5]
	... 26 more
Caused by: java.lang.ClassNotFoundException: RegisterReqDTO
	at java.base/jdk.internal.loader.BuiltinClassLoader.loadClass(BuiltinClassLoader.java:641) ~[?:?]
	at java.base/jdk.internal.loader.ClassLoaders$AppClassLoader.loadClass(ClassLoaders.java:188) ~[?:?]
	at java.base/java.lang.ClassLoader.loadClass(ClassLoader.java:525) ~[?:?]
	at java.base/java.lang.Class.forName0(Native Method) ~[?:?]
	at java.base/java.lang.Class.forName(Class.java:467) ~[?:?]
	at org.springframework.boot.devtools.restart.classloader.RestartClassLoader.loadClass(RestartClassLoader.java:121) ~[spring-boot-devtools-3.4.4.jar:3.4.4]
	at java.base/java.lang.ClassLoader.loadClass(ClassLoader.java:525) ~[?:?]
	at java.base/java.lang.Class.getDeclaredMethods0(Native Method) ~[?:?]
	at java.base/java.lang.Class.privateGetDeclaredMethods(Class.java:3402) ~[?:?]
	at java.base/java.lang.Class.getDeclaredMethods(Class.java:2504) ~[?:?]
	at org.springframework.util.ReflectionUtils.getDeclaredMethods(ReflectionUtils.java:465) ~[spring-core-6.2.5.jar:6.2.5]
	at org.springframework.util.ReflectionUtils.doWithLocalMethods(ReflectionUtils.java:320) ~[spring-core-6.2.5.jar:6.2.5]
	at org.springframework.beans.factory.annotation.AutowiredAnnotationBeanPostProcessor.checkLookupMethods(AutowiredAnnotationBeanPostProcessor.java:476) ~[spring-beans-6.2.5.jar:6.2.5]
	... 26 more

[2025-06-11 09:38:36.077]  INFO 5368 --- [  restartedMain] k.c.g.SpringProjectApplication           : 스프링 프로젝트가 시작중입니다.
[2025-06-11 09:38:36.107]  INFO 5368 --- [  restartedMain] k.c.g.SpringProjectApplication           : Starting SpringProjectApplication using Java 17.0.12 with PID 5368 (C:\dev\git-workspace\springProject\bin\main started by GR in C:\dev\git-workspace\springProject)
[2025-06-11 09:38:36.107]  INFO 5368 --- [  restartedMain] k.c.g.SpringProjectApplication           : No active profile set, falling back to 1 default profile: "default"
[2025-06-11 09:38:36.332]  INFO 5368 --- [  restartedMain] o.s.b.w.e.t.TomcatWebServer              : Tomcat initialized with port 80 (http)
[2025-06-11 09:38:36.333]  INFO 5368 --- [  restartedMain] o.a.c.h.Http11NioProtocol                : Initializing ProtocolHandler ["http-nio-80"]
[2025-06-11 09:38:36.333]  INFO 5368 --- [  restartedMain] o.a.c.c.StandardService                  : Starting service [Tomcat]
[2025-06-11 09:38:36.334]  INFO 5368 --- [  restartedMain] o.a.c.c.StandardEngine                   : Starting Servlet engine: [Apache Tomcat/10.1.39]
[2025-06-11 09:38:36.344]  INFO 5368 --- [  restartedMain] o.a.c.c.C.[.[.[/]                        : Initializing Spring embedded WebApplicationContext
[2025-06-11 09:38:36.344]  INFO 5368 --- [  restartedMain] w.s.c.ServletWebServerApplicationContext : Root WebApplicationContext: initialization completed in 235 ms
[2025-06-11 09:38:36.418]  WARN 5368 --- [  restartedMain] .s.s.UserDetailsServiceAutoConfiguration : 

Using generated security password: 47e2da9d-ec72-4045-b307-853985fc567e

This generated password is for development use only. Your security configuration must be updated before running your application in production.

[2025-06-11 09:38:36.418]  INFO 5368 --- [  restartedMain] r$InitializeUserDetailsManagerConfigurer : Global AuthenticationManager configured with UserDetailsService bean with name inMemoryUserDetailsManager
[2025-06-11 09:38:36.506]  INFO 5368 --- [  restartedMain] o.s.b.d.a.OptionalLiveReloadServer       : LiveReload server is running on port 35729
[2025-06-11 09:38:36.514]  INFO 5368 --- [  restartedMain] o.a.c.h.Http11NioProtocol                : Starting ProtocolHandler ["http-nio-80"]
[2025-06-11 09:38:36.516]  INFO 5368 --- [  restartedMain] o.s.b.w.e.t.TomcatWebServer              : Tomcat started on port 80 (http) with context path '/'
[2025-06-11 09:38:36.524]  INFO 5368 --- [  restartedMain] k.c.g.SpringProjectApplication           : Started SpringProjectApplication in 0.445 seconds (process running for 1918.279)
[2025-06-11 09:38:36.526]  INFO 5368 --- [  restartedMain] .ConditionEvaluationDeltaLoggingListener : Condition evaluation unchanged
[2025-06-11 09:38:36.526]  INFO 5368 --- [  restartedMain] k.c.g.SpringProjectApplication           : 스프링 프로젝트가 성공적으로 시작되었습니다.
